<?xml version="1.0" encoding="utf-8"?><testsuites name="pytest tests"><testsuite name="pytest" errors="0" failures="0" skipped="1" tests="852" time="32.703" timestamp="2026-08-28T02:52:13.503477+00:00" hostname="cpd-konrad-worker"><testcase classname="tests.test_all_series_scope" name="test_none_allowlist_keeps_all" time="0.000" /><testcase classname="tests.test_all_series_scope" name="test_allowlist_filters_classes" time="0.000" /><testcase classname="tests.test_all_series_scope" name="test_non_dict_rows_dropped" time="0.000" /><testcase classname="tests.test_all_series_scope" name="test_4dct_representative_prefers_ave_drops_phases" time="0.000" /><testcase classname="tests.test_all_series_scope" name="test_4dct_multi_ave_keeps_only_first" time="0.000" /><testcase classname="tests.test_all_series_scope" name="test_empty_allowlist_selects_nothing" time="0.000" /><testcase classname="tests.test_all_series_scope" name="test_flag_false_keeps_all_phases" time="0.000" /><testcase classname="tests.test_all_series_scope" name="test_flag_noop_when_4dct_excluded_from_allowlist" time="0.000" /><testcase classname="tests.test_all_series_scope" name="test_excluded_rows_are_preserved_in_source_list" time="0.000" /><testcase classname="tests.test_all_series_scope" name="test_4dct_representative_keeps_first_phase_when_no_ave" time="0.000" /><testcase classname="tests.test_all_series_scope" name="test_mixed_modality_scope_keeps_one_4dct_representative" time="0.000" /><testcase classname="tests.test_all_series_scope" name="test_rows_are_same_objects_not_copies" time="0.000" /><testcase classname="tests.test_auto_rtstruct_planning_ct_pin" name="test_read_for_uid_rtstruct_nested" time="0.004" /><testcase classname="tests.test_auto_rtstruct_planning_ct_pin" name="test_read_for_uid_seg_toplevel" time="0.002" /><testcase classname="tests.test_auto_rtstruct_planning_ct_pin" name="test_read_for_uid_unreadable" time="0.001" /><testcase classname="tests.test_auto_rtstruct_planning_ct_pin" name="test_source_series_from_rtstruct" time="0.002" /><testcase classname="tests.test_auto_rtstruct_planning_ct_pin" name="test_source_series_from_seg" time="0.002" /><testcase classname="tests.test_auto_rtstruct_planning_ct_pin" name="test_source_series_absent_when_no_link" time="0.002" /><testcase classname="tests.test_auto_rtstruct_planning_ct_pin" name="test_picks_series_matched_dir_among_same_for" time="0.004" /><testcase classname="tests.test_auto_rtstruct_planning_ct_pin" name="test_single_matching_series" time="0.002" /><testcase classname="tests.test_auto_rtstruct_planning_ct_pin" name="test_for_fallback_when_no_series_link" time="0.005" /><testcase classname="tests.test_auto_rtstruct_planning_ct_pin" name="test_fail_closed_same_for_multiple_no_series" time="0.004" /><testcase classname="tests.test_auto_rtstruct_planning_ct_pin" name="test_lone_nifti_only_fallback" time="0.001" /><testcase classname="tests.test_auto_rtstruct_planning_ct_pin" name="test_lone_candidate_contradicting_series_fail_closed" time="0.003" /><testcase classname="tests.test_auto_rtstruct_planning_ct_pin" name="test_lone_candidate_contradicting_for_fail_closed" time="0.003" /><testcase classname="tests.test_auto_rtstruct_planning_ct_pin" name="test_single_series_backcompat_when_ct_unreadable" time="0.002" /><testcase classname="tests.test_auto_rtstruct_planning_ct_pin" name="test_fail_closed_multiple_when_ct_unreadable" time="0.003" /><testcase classname="tests.test_auto_rtstruct_planning_ct_pin" name="test_no_candidates" time="0.001" /><testcase classname="tests.test_auto_rtstruct_planning_ct_pin" name="test_geometry_identical_is_compatible" time="0.001" /><testcase classname="tests.test_auto_rtstruct_planning_ct_pin" name="test_geometry_small_origin_shift_within_tolerance" time="0.001" /><testcase classname="tests.test_auto_rtstruct_planning_ct_pin" name="test_geometry_large_origin_shift_incompatible" time="0.000" /><testcase classname="tests.test_auto_rtstruct_planning_ct_pin" name="test_geometry_different_direction_incompatible" time="0.000" /><testcase classname="tests.test_auto_rtstruct_planning_ct_pin" name="test_geometry_nonidentity_direction_self_compatible" time="0.001" /><testcase classname="tests.test_auto_rtstruct_planning_ct_pin" name="test_geometry_nonidentity_direction_extent_is_orientation_safe" time="0.000" /><testcase classname="tests.test_auto_rtstruct_planning_ct_pin" name="test_build_auto_rtstruct_selects_planning_among_same_for" time="0.006" /><testcase classname="tests.test_auto_rtstruct_planning_ct_pin" name="test_build_auto_rtstruct_fail_closed_when_no_planning_match" time="0.005" /><testcase classname="tests.test_auto_rtstruct_planning_ct_pin" name="test_read_ct_series_uid_no_preamble" time="0.001" /><testcase classname="tests.test_auto_rtstruct_planning_ct_pin" name="test_rung1_for_contradiction_fail_closed" time="0.002" /><testcase classname="tests.test_auto_rtstruct_planning_ct_pin" name="test_rung1_series_match_consistent_for_ok" time="0.002" /><testcase classname="tests.test_auto_rtstruct_planning_ct_pin" name="test_build_geometry_net_skips_mismatched_nifti" time="0.009" /><testcase classname="tests.test_auto_rtstruct_planning_ct_pin" name="test_build_geometry_net_accepts_matching_nifti" time="0.007" /><testcase classname="tests.test_auto_rtstruct_planning_ct_pin" name="test_build_binary_fallback_fail_closed_on_any_incompatible_mask" time="0.007" /><testcase classname="tests.test_auto_rtstruct_planning_ct_pin" name="test_build_binary_fallback_succeeds_when_all_compatible" time="0.007" /><testcase classname="tests.test_b4_all_series_radiomics" name="test_select_base_classes_and_c3_denylist" time="0.002" /><testcase classname="tests.test_b4_all_series_radiomics" name="test_c4_ave_only_when_ave_present" time="0.000" /><testcase classname="tests.test_b4_all_series_radiomics" name="test_c4_phase_fallback_prefers_50pct" time="0.000" /><testcase classname="tests.test_b4_all_series_radiomics" name="test_c4_phase_fallback_first_when_no_50pct" time="0.000" /><testcase classname="tests.test_b4_all_series_radiomics" name="test_c4_independent_per_study" time="0.000" /><testcase classname="tests.test_b4_all_series_radiomics" name="test_pick_representative_phase_helper" time="0.000" /><testcase classname="tests.test_b4_all_series_radiomics" name="test_c4_representative_chosen_among_segmented_only" time="0.003" /><testcase classname="tests.test_b4_all_series_radiomics" name="test_c4_prefers_50pct_among_segmented" time="0.000" /><testcase classname="tests.test_b4_all_series_radiomics" name="test_c4_ave_without_rtstruct_falls_back_to_segmented_phase" time="0.000" /><testcase classname="tests.test_b4_all_series_radiomics" name="test_c4_study_dropped_when_no_segmented_4dct" time="0.000" /><testcase classname="tests.test_b4_all_series_radiomics" name="test_empty_study_uid_not_collapsed" time="0.000" /><testcase classname="tests.test_b4_all_series_radiomics" name="test_materialize_temp_course_tree" time="0.002" /><testcase classname="tests.test_b4_all_series_radiomics" name="test_materialize_returns_false_when_no_slices" time="0.001" /><testcase classname="tests.test_b4_all_series_radiomics" name="test_find_auto_rtstruct_matches_real_layout" time="0.001" /><testcase classname="tests.test_b4_all_series_radiomics" name="test_find_auto_rtstruct_absent" time="0.001" /><testcase classname="tests.test_b4_all_series_radiomics" name="test_run_radiomics_all_series_e2e[serial]" time="0.220" /><testcase classname="tests.test_b4_all_series_radiomics" name="test_run_radiomics_all_series_e2e[parallel]" time="0.052" /><testcase classname="tests.test_b4_all_series_radiomics" name="test_missing_manifest_returns_none" time="0.001" /><testcase classname="tests.test_b4_all_series_radiomics" name="test_series_without_rtstruct_is_skipped" time="0.012" /><testcase classname="tests.test_b4_all_series_radiomics" name="test_e2e_4dct_phase_fallback_through_real_rtstruct_probe" time="0.013" /><testcase classname="tests.test_b4_all_series_radiomics" name="test_empty_patient_list_returns_none" time="0.001" /><testcase classname="tests.test_b4_all_series_radiomics" name="test_no_backend_short_circuits" time="0.002" /><testcase classname="tests.test_b4_all_series_radiomics" name="test_subset_rerun_preserves_other_patients" time="0.035" /><testcase classname="tests.test_b4_all_series_radiomics" name="test_cli_radiomics_stage_runs_all_series_adapter" time="0.004" /><testcase classname="tests.test_b5_contrast_phase" name="test_b5_classes_are_calibrated_ct_only" time="0.000" /><testcase classname="tests.test_b5_contrast_phase" name="test_b5_extracts_phase" time="0.000" /><testcase classname="tests.test_b5_contrast_phase" name="test_b5_passes_conda_activate" time="0.000" /><testcase classname="tests.test_b5_contrast_phase" name="test_b5_unknown_phase_returned" time="0.000" /><testcase classname="tests.test_b5_contrast_phase" name="test_b5_empty_or_missing_phase_is_none" time="0.000" /><testcase classname="tests.test_b5_contrast_phase" name="test_b5_resilient_on_exception" time="0.000" /><testcase classname="tests.test_b5_contrast_phase" name="test_b5_non_dict_result_is_none" time="0.000" /><testcase classname="tests.test_b5_contrast_phase" name="test_b5_persistence_aliasing_and_writeback" time="0.001" /><testcase classname="tests.test_b5_contrast_phase" name="test_b5_idempotent_guard_semantics" time="0.000" /><testcase classname="tests.test_body_composition_b1" name="test_b1_default_off_keeps_legacy_task_list" time="0.001" /><testcase classname="tests.test_body_composition_b1" name="test_b1_cli_yaml_parses_body_composition_classes" time="0.003" /><testcase classname="tests.test_body_composition_b1" name="test_b1_routing_adds_body_tasks_only_for_configured_ct_classes" time="0.023" /><testcase classname="tests.test_body_composition_b1" name="test_b1_worker_path_bodycomp_failure_keeps_series_segmented_and_writes_no_csv" time="0.006" /><testcase classname="tests.test_body_composition_b1" name="test_b1_body_composition_math_json_and_csv" time="0.014" /><testcase classname="tests.test_body_composition_b1" name="test_b1_smi_null_when_patient_size_absent" time="0.012" /><testcase classname="tests.test_body_composition_b1" name="test_b1_rejects_same_shape_mask_on_different_physical_grid" time="0.011" /><testcase classname="tests.test_body_composition_b1" name="test_b1_hu_windows_exclude_out_of_window_voxels" time="0.008" /><testcase classname="tests.test_body_composition_b1" name="test_b1_patient_size_in_cm_is_converted" time="0.012" /><testcase classname="tests.test_body_composition_b1" name="test_b1_csv_concurrent_writers_no_corruption" time="0.804" /><testcase classname="tests.test_bundled_binary_race" name="test_an_already_prepared_binary_is_reused_without_rewriting" time="0.004" /><testcase classname="tests.test_bundled_binary_race" name="test_preparation_does_not_fail_while_the_binary_is_executing" time="0.004" /><testcase classname="tests.test_bundled_binary_race" name="test_concurrent_preparation_all_succeed" time="0.010" /><testcase classname="tests.test_bundled_binary_race" name="test_a_non_executable_candidate_is_not_treated_as_prepared" time="0.020" /><testcase classname="tests.test_bundled_binary_race" name="test_no_staging_directories_are_left_behind" time="0.001" /><testcase classname="tests.test_campaign_mode" name="test_campaign_mode_contains_a_launch_failure" time="0.020" /><testcase classname="tests.test_campaign_mode" name="test_strict_mode_still_aborts_on_a_launch_failure" time="0.006" /><testcase classname="tests.test_campaign_mode" name="test_strict_mode_still_aborts_and_leaves_no_sentinel" time="0.006" /><testcase classname="tests.test_campaign_mode" name="test_campaign_mode_records_failure_and_lets_the_campaign_continue" time="0.006" /><testcase classname="tests.test_campaign_mode" name="test_campaign_mode_never_writes_ok_for_a_failed_course" time="0.005" /><testcase classname="tests.test_campaign_mode" name="test_campaign_mode_writes_a_ledger_record" time="0.005" /><testcase classname="tests.test_campaign_mode" name="test_a_failed_course_still_closes_its_dependent_stages" time="0.004" /><testcase classname="tests.test_campaign_mode" name="test_strict_mode_surfaces_the_upstream_error_unflattened" time="0.004" /><testcase classname="tests.test_cli_smoke" name="test_cli_help_smoke" time="0.584" /><testcase classname="tests.test_cli_smoke" name="test_cli_doctor_smoke" time="2.009" /><testcase classname="tests.test_copy_instances_hardlink" name="test_hardlink_used_when_enabled_same_fs" time="0.002" /><testcase classname="tests.test_copy_instances_hardlink" name="test_copy2_used_when_hardlinks_disabled" time="0.001" /><testcase classname="tests.test_copy_instances_hardlink" name="test_hardlink_falls_back_to_copy_on_oserror" time="0.001" /><testcase classname="tests.test_copy_instances_hardlink" name="test_missing_source_reported" time="0.001" /><testcase classname="tests.test_copy_instances_hardlink" name="test_existing_copy_is_refreshed_when_source_changes" time="0.001" /><testcase classname="tests.test_copy_instances_hardlink" name="test_existing_stale_hardlink_is_rebound_to_current_source" time="0.001" /><testcase classname="tests.test_course_identity_reference_chains" name="test_plan_referenced_structure_set_is_selected_among_setup_sets" time="0.009" /><testcase classname="tests.test_course_identity_reference_chains" name="test_plan_reference_beats_a_larger_zero_target_structure_set" time="0.022" /><testcase classname="tests.test_course_identity_reference_chains" name="test_referenced_planning_ct_links_with_or_without_a_shared_study[dfci_cross_study]" time="0.004" /><testcase classname="tests.test_course_identity_reference_chains" name="test_referenced_planning_ct_links_with_or_without_a_shared_study[kopernik_shared_study]" time="0.003" /><testcase classname="tests.test_course_identity_reference_chains" name="test_multi_plan_dose_links_every_referenced_plan_in_one_structure_course" time="0.012" /><testcase classname="tests.test_course_identity_reference_chains" name="test_unresolved_dose_reference_is_not_attached_to_the_only_plan" time="0.005" /><testcase classname="tests.test_course_identity_reference_chains" name="test_target_bearing_referenced_structure_without_dose_remains_a_plan_only_course" time="0.006" /><testcase classname="tests.test_course_identity_reference_chains" name="test_four_target_bearing_references_produce_four_courses" time="0.019" /><testcase classname="tests.test_course_identity_reference_chains" name="test_identical_prescription_revisions_contribute_once" time="0.024" /><testcase classname="tests.test_course_identity_reference_chains" name="test_sequential_phases_sum_after_revision_deduplication" time="0.042" /><testcase classname="tests.test_course_identity_reference_chains" name="test_replacement_plans_within_one_structure_course_do_not_double_count" time="0.012" /><testcase classname="tests.test_course_identity_reference_chains" name="test_replans_on_three_structure_sets_emit_three_course_totals" time="0.045" /><testcase classname="tests.test_course_identity_reference_chains" name="test_target_bearing_courses_a_year_apart_are_not_merged" time="0.010" /><testcase classname="tests.test_course_identity_reference_chains" name="test_records_on_subset_of_treatment_dates_do_not_add_verification_dose" time="0.056" /><testcase classname="tests.test_course_identity_reference_chains" name="test_delivered_partial_replan_does_not_add_to_encompassing_prescription" time="0.023" /><testcase classname="tests.test_course_identity_reference_chains" name="test_qa_phantom_and_topogram_series_are_ineligible_for_courses" time="0.012" /><testcase classname="tests.test_course_identity_reference_chains" name="test_plan_and_dose_without_targets_fail_the_course_qc_gate" time="0.005" /><testcase classname="tests.test_course_identity_reference_chains" name="test_compact_target_suffix_remains_a_target_name" time="0.000" /><testcase classname="tests.test_course_identity_reference_chains" name="test_boolean_crop_name_does_not_satisfy_course_target_qc" time="0.005" /><testcase classname="tests.test_course_identity_reference_chains" name="test_optimization_helper_name_does_not_satisfy_course_target_qc" time="0.005" /><testcase classname="tests.test_course_identity_reference_chains" name="test_duplicate_paths_for_one_structure_uid_keep_rs_and_referenced_ct" time="0.069" /><testcase classname="tests.test_course_identity_reference_chains" name="test_plan_label_text_classifier_cannot_be_called" time="0.000" /><testcase classname="tests.test_course_identity_reference_chains" name="test_ct_only_input_fails_loudly_when_support_is_not_enabled" time="0.020" /><testcase classname="tests.test_course_identity_reference_chains" name="test_ct_only_input_produces_a_course_when_explicitly_enabled" time="0.043" /><testcase classname="tests.test_cuda_capability_guard" name="test_pascal_is_rejected_by_a_modern_arch_list" time="0.000" /><testcase classname="tests.test_cuda_capability_guard" name="test_pascal_is_accepted_when_the_build_targets_it" time="0.000" /><testcase classname="tests.test_cuda_capability_guard" name="test_exact_match_is_accepted" time="0.000" /><testcase classname="tests.test_cuda_capability_guard" name="test_lower_minor_inside_the_same_major_generation_is_accepted" time="0.000" /><testcase classname="tests.test_cuda_capability_guard" name="test_embedded_ptx_allows_forward_jit_only" time="0.000" /><testcase classname="tests.test_cuda_capability_guard" name="test_a_different_major_generation_is_never_assumed_compatible" time="0.000" /><testcase classname="tests.test_cuda_capability_guard" name="test_unparseable_arch_entries_do_not_raise[arch_list0]" time="0.000" /><testcase classname="tests.test_cuda_capability_guard" name="test_unparseable_arch_entries_do_not_raise[arch_list1]" time="0.000" /><testcase classname="tests.test_cuda_capability_guard" name="test_unparseable_arch_entries_do_not_raise[arch_list2]" time="0.000" /><testcase classname="tests.test_cuda_capability_guard" name="test_unparseable_arch_entries_do_not_raise[arch_list3]" time="0.000" /><testcase classname="tests.test_cuda_capability_guard" name="test_detect_gpu_count_prefers_usable_devices" time="0.000" /><testcase classname="tests.test_cuda_capability_guard" name="test_detect_gpu_count_does_not_claim_an_unusable_device" time="0.000" /><testcase classname="tests.test_cuda_capability_guard" name="test_undeterminable_torch_state_still_allows_the_fallbacks" time="0.000" /><testcase classname="tests.test_custom_lung_models" name="test_r8_custom_model_discovery_and_phantom_smoke[lung_tumor_totalseg_lung_nodules-totalsegmentator]" time="0.011" /><testcase classname="tests.test_custom_lung_models" name="test_r8_custom_model_discovery_and_phantom_smoke[lung_tumor_pancancer_lung-nnunetv2_modelfolder]" time="0.009" /><testcase classname="tests.test_custom_lung_models" name="test_r8_custom_model_discovery_and_phantom_smoke[lung_tumor_medsam_boxprompt-medsam_boxprompt]" time="0.012" /><testcase classname="tests.test_custom_lung_models" name="test_discover_custom_models_skips_underscore_prefixed_dirs" time="0.001" /><testcase classname="tests.test_custom_lung_models" name="test_derive_anchor_from_reference_glob_unions_gtv_masks" time="0.004" /><testcase classname="tests.test_custom_lung_models" name="test_derive_anchor_from_reference_indexed_glob_excludes_second_lesion" time="0.013" /><testcase classname="tests.test_custom_lung_models" name="test_select_component_nearest_anchor_keeps_near_component_or_empty" time="0.002" /><testcase classname="tests.test_custom_lung_models" name="test_postprocess_reports_anchor_selected_then_lung_confine_zeroed" time="0.003" /><testcase classname="tests.test_custom_lung_models" name="test_medsam_anchor_bbox_empty_prompt_is_graceful" time="0.005" /><testcase classname="tests.test_custom_lung_models" name="test_dice_reference_glob_explicit_empty_disables_default" time="0.003" /><testcase classname="tests.test_custom_lung_models" name="test_dice_reference_glob_omitted_uses_default" time="0.002" /><testcase classname="tests.test_custom_structures_missing_source" name="test_intersection_with_missing_source_returns_none" time="0.000" /><testcase classname="tests.test_custom_structures_missing_source" name="test_subtract_with_missing_source_returns_none" time="0.000" /><testcase classname="tests.test_custom_structures_missing_source" name="test_xor_with_missing_source_returns_none" time="0.000" /><testcase classname="tests.test_custom_structures_missing_source" name="test_union_with_missing_source_still_produces_partial" time="0.000" /><testcase classname="tests.test_custom_structures_missing_source" name="test_intersection_all_sources_present_succeeds" time="0.000" /><testcase classname="tests.test_custom_structures_rtstruct_roi_numbering" name="test_add_roi_uses_max_existing_roi_number_not_sequence_length" time="0.001" /><testcase classname="tests.test_d1_all_series_original_segmentation" name="test_manual_rtstruct_binding_uses_for_unique_and_single_row_fallback" time="0.017" /><testcase classname="tests.test_d1_all_series_original_segmentation" name="test_manual_rtstruct_binding_skips_ambiguous_for_matches" time="0.013" /><testcase classname="tests.test_d1_all_series_original_segmentation" name="test_manual_rtstruct_binding_skips_multiple_exact_series_matches" time="0.013" /><testcase classname="tests.test_d1_all_series_original_segmentation" name="test_manual_rtstruct_binding_missing_or_old_inventory_is_noop" time="0.011" /><testcase classname="tests.test_d1_all_series_original_segmentation" name="test_original_segmentation_export_reuses_cached_manifest_on_rerun" time="0.002" /><testcase classname="tests.test_d1_all_series_original_segmentation" name="test_per_course_original_export_keeps_legacy_manifest_schema" time="0.002" /><testcase classname="tests.test_d1_all_series_original_segmentation" name="test_all_series_original_export_binds_only_referenced_series_and_keeps_ai_separate" time="0.019" /><testcase classname="tests.test_dicom_seg" name="test_optional_reader_imports_with_pydicom_3_compatibility" time="1.089" /><testcase classname="tests.test_dicom_seg" name="test_load_dicom_seg_returns_image_not_reader_wrapper" time="0.001" /><testcase classname="tests.test_dicom_seg" name="test_load_dicom_seg_rejects_non_seg_storage" time="0.000" /><testcase classname="tests.test_dicom_seg" name="test_load_dicom_seg_propagates_overlap_failure" time="0.000" /><testcase classname="tests.test_docker_smoke" name="test_docker_spawn_context_smoke" time="0.043" /><testcase classname="tests.test_dvh_dose_resolution" name="test_dvh_resolver_uses_plan_dose_not_first_beam" time="0.010" /><testcase classname="tests.test_dvh_dose_resolution" name="test_dvh_resolver_rejects_single_beam_dose" time="0.006" /><testcase classname="tests.test_dvh_dose_resolution" name="test_classifier_excludes_beams_when_matching_plan_dose_exists" time="0.007" /><testcase classname="tests.test_dvh_dose_resolution" name="test_classifier_sums_same_plan_beam_doses_when_no_plan_dose_exists" time="0.006" /><testcase classname="tests.test_dvh_dose_resolution" name="test_structure_resolver_uses_plan_referenced_rtstruct_from_source_study" time="0.009" /><testcase classname="tests.test_federation" name="test_schema_v3_contract_binds_provenance_inventory_and_policy" time="0.000" /><testcase classname="tests.test_federation" name="test_normalized_processing_config_digest_ignores_json_key_order" time="0.000" /><testcase classname="tests.test_federation" name="test_export_and_validate_round_trip_is_deterministic" time="0.059" /><testcase classname="tests.test_federation" name="test_native_adapter_uses_exact_columns_and_explicit_inventory" time="0.024" /><testcase classname="tests.test_federation" name="test_native_adapter_supports_multi_source_native_summary" time="0.023" /><testcase classname="tests.test_federation" name="test_inventory_digest_binds_segmentation_source" time="0.010" /><testcase classname="tests.test_federation" name="test_native_adapter_fails_closed_on_invalid_native_output[&lt;lambda&gt;-aliases are not guessed]" time="0.002" /><testcase classname="tests.test_federation" name="test_native_adapter_fails_closed_on_invalid_native_output[&lt;lambda&gt;-missing=.*segmentation_source]" time="0.002" /><testcase classname="tests.test_federation" name="test_native_adapter_fails_closed_on_invalid_native_output[&lt;lambda&gt;-exact lowercase]" time="0.008" /><testcase classname="tests.test_federation" name="test_native_adapter_fails_closed_on_invalid_native_output[&lt;lambda&gt;-Forbidden native-output]" time="0.003" /><testcase classname="tests.test_federation" name="test_native_adapter_rejects_inventory_mismatch" time="0.009" /><testcase classname="tests.test_federation" name="test_native_export_rejects_unbound_inventory_provenance" time="0.027" /><testcase classname="tests.test_federation" name="test_public_cli_native_output_to_packets_to_aggregate" time="0.138" /><testcase classname="tests.test_federation" name="test_validation_rejects_compatibility_mismatch_by_default[processing_config_sha256-bbbbbbbbbbbbbbbbbbbbbbbbbbbbbbbbbbbbbbbbbbbbbbbbbbbbbbbbbbbbbbbb]" time="0.020" /><testcase classname="tests.test_federation" name="test_validation_rejects_compatibility_mismatch_by_default[source_artifact_kind-source_tree]" time="0.020" /><testcase classname="tests.test_federation" name="test_validation_rejects_compatibility_mismatch_by_default[source_artifact_sha256-cccccccccccccccccccccccccccccccccccccccccccccccccccccccccccccccc]" time="0.020" /><testcase classname="tests.test_federation" name="test_validation_rejects_compatibility_mismatch_by_default[expected_rtpipeline_version-9.9.9]" time="0.020" /><testcase classname="tests.test_federation" name="test_validation_rejects_compatibility_mismatch_by_default[expected_feature_roi_inventory_sha256-dddddddddddddddddddddddddddddddddddddddddddddddddddddddddddddddd]" time="0.020" /><testcase classname="tests.test_federation" name="test_aggregate_rejects_mismatched_compatibility_fields[processing_config_sha256-bbbbbbbbbbbbbbbbbbbbbbbbbbbbbbbbbbbbbbbbbbbbbbbbbbbbbbbbbbbbbbbb]" time="0.057" /><testcase classname="tests.test_federation" name="test_aggregate_rejects_mismatched_compatibility_fields[source_artifact_kind-source_tree]" time="0.057" /><testcase classname="tests.test_federation" name="test_aggregate_rejects_mismatched_compatibility_fields[source_artifact_sha256-cccccccccccccccccccccccccccccccccccccccccccccccccccccccccccccccc]" time="0.057" /><testcase classname="tests.test_federation" name="test_aggregate_rejects_mismatched_compatibility_fields[rtpipeline_version-9.9.9]" time="0.056" /><testcase classname="tests.test_federation" name="test_aggregate_rejects_mismatched_compatibility_fields[feature_roi_inventory_sha256-dddddddddddddddddddddddddddddddddddddddddddddddddddddddddddddddd]" time="0.056" /><testcase classname="tests.test_federation" name="test_aggregate_preserves_only_aggregate_rows_and_compatibility" time="0.077" /><testcase classname="tests.test_federation" name="test_export_accepts_both_missing_ci_and_uses_point_estimate" time="0.038" /><testcase classname="tests.test_federation" name="test_export_rejects_one_missing_ci_limit" time="0.008" /><testcase classname="tests.test_federation" name="test_point_estimate_fallback_still_enforces_classification" time="0.013" /><testcase classname="tests.test_federation" name="test_packet_publication_is_atomic_on_interrupted_write" time="0.020" /><testcase classname="tests.test_federation" name="test_force_packet_publication_preserves_old_artifact_on_staging_failure" time="0.055" /><testcase classname="tests.test_federation" name="test_aggregate_publication_is_atomic_on_interrupted_write" time="0.077" /><testcase classname="tests.test_federation" name="test_export_fails_closed_on_extra_identifier_column" time="0.002" /><testcase classname="tests.test_federation" name="test_export_rejects_forbidden_string_values[/private/site/data]" time="0.012" /><testcase classname="tests.test_federation" name="test_export_rejects_forbidden_string_values[C:\\\\private\\\\site\\\\data]" time="0.011" /><testcase classname="tests.test_federation" name="test_export_rejects_forbidden_string_values[\\\\server\\share\\data]" time="0.011" /><testcase classname="tests.test_federation" name="test_export_rejects_forbidden_string_values[s3://private-bucket/data]" time="0.011" /><testcase classname="tests.test_federation" name="test_export_rejects_forbidden_string_values[1.2.840.10008.1.2.1]" time="0.011" /><testcase classname="tests.test_federation" name="test_export_rejects_forbidden_string_values[2.25.12345678901234567890]" time="0.011" /><testcase classname="tests.test_federation" name="test_export_rejects_forbidden_string_values[2026-07-16]" time="0.011" /><testcase classname="tests.test_federation" name="test_export_rejects_forbidden_string_values[20260716]" time="0.012" /><testcase classname="tests.test_federation" name="test_export_rejects_forbidden_string_values[P000001]" time="0.011" /><testcase classname="tests.test_federation" name="test_export_rejects_forbidden_string_values[node01.institution.local]" time="0.011" /><testcase classname="tests.test_federation" name="test_export_rejects_semantically_invalid_metrics[classification-Unknown-unsupported robustness]" time="0.007" /><testcase classname="tests.test_federation" name="test_export_rejects_semantically_invalid_metrics[icc-nan-finite numbers]" time="0.005" /><testcase classname="tests.test_federation" name="test_export_rejects_semantically_invalid_metrics[n_raters-1-n_raters below 2]" time="0.007" /><testcase classname="tests.test_federation" name="test_export_rejects_semantically_invalid_metrics[cov_percent--0.1-must be nonnegative]" time="0.009" /><testcase classname="tests.test_federation" name="test_export_rejects_semantically_invalid_metrics[icc_ci_low-0.99-low &lt;= ICC &lt;= high]" time="0.009" /><testcase classname="tests.test_federation" name="test_export_round_trips_not_evaluable_relative_dispersion" time="0.039" /><testcase classname="tests.test_federation" name="test_export_rejects_hidden_partial_cov_denominator" time="0.009" /><testcase classname="tests.test_federation" name="test_export_rejects_threshold_inconsistent_classification[0.88-4.1-Robust-Acceptable]" time="0.011" /><testcase classname="tests.test_federation" name="test_export_rejects_threshold_inconsistent_classification[0.74-4.1-Acceptable-Poor]" time="0.011" /><testcase classname="tests.test_federation" name="test_export_rejects_threshold_inconsistent_classification[0.91-4.1-Poor-Robust]" time="0.011" /><testcase classname="tests.test_federation" name="test_export_rejects_threshold_inconsistent_classification[0.91-10.1-Robust-Acceptable]" time="0.011" /><testcase classname="tests.test_federation" name="test_export_rejects_threshold_inconsistent_classification[0.76-20.1-Acceptable-Poor]" time="0.011" /><testcase classname="tests.test_federation" name="test_export_rejects_metric_denominator_mismatch" time="0.007" /><testcase classname="tests.test_federation" name="test_export_rejects_duplicate_feature_identity" time="0.005" /><testcase classname="tests.test_federation" name="test_validator_rejects_tampering_extra_files_and_symlinks" time="0.058" /><testcase classname="tests.test_federation" name="test_float_columns_round_trip_bitwise" time="0.042" /><testcase classname="tests.test_hygiene_batch_a" name="test_organize_yaml_use_hardlinks_defaults_false_when_omitted" time="0.001" /><testcase classname="tests.test_hygiene_batch_a" name="test_organize_yaml_use_hardlinks_explicit_true_is_honored" time="0.001" /><testcase classname="tests.test_hygiene_batch_a" name="test_organize_yaml_default_matches_dataclass_default" time="0.001" /><testcase classname="tests.test_hygiene_batch_a" name="test_merge_plans_doses_drops_null_core_keys_before_merge" time="0.002" /><testcase classname="tests.test_hygiene_batch_a" name="test_merge_plans_doses_no_real_matches_yields_empty_frame" time="0.002" /><testcase classname="tests.test_hygiene_batch_a" name="test_core_key_from_filename" time="0.000" /><testcase classname="tests.test_hygiene_batch_a" name="test_brain_explicit_margin_equal_to_default_is_not_downgraded" time="0.001" /><testcase classname="tests.test_hygiene_batch_a" name="test_brain_omitted_margins_use_region_defaults" time="0.001" /><testcase classname="tests.test_hygiene_batch_a" name="test_thorax_explicit_inferior_margin_equal_to_pelvis_default_is_not_downgraded" time="0.001" /><testcase classname="tests.test_hygiene_batch_a" name="test_thorax_omitted_margins_use_region_defaults" time="0.001" /><testcase classname="tests.test_hygiene_batch_a" name="test_pelvis_margin_resolution_is_unaffected_by_the_fix" time="0.002" /><testcase classname="tests.test_hygiene_batch_a" name="test_cropping_metadata_records_effective_margins_not_raw_none" time="0.001" /><testcase classname="tests.test_hygiene_batch_a" name="test_keep_original_parameter_accepted_by_apply_systematic_cropping" time="0.000" /><testcase classname="tests.test_hygiene_batch_a" name="test_keep_original_default_true_is_silent" time="0.001" /><testcase classname="tests.test_hygiene_batch_a" name="test_keep_original_non_default_warns_and_is_ignored" time="0.001" /><testcase classname="tests.test_hygiene_batch_a" name="test_keep_original_config_knob_kept_on_pipeline_config" time="0.001" /><testcase classname="tests.test_hygiene_batch_a" name="test_keep_original_kept_on_crop_task" time="0.001" /><testcase classname="tests.test_hygiene_batch_a" name="test_segment_course_resume_uses_modern_named_dicom_seg" time="0.002" /><testcase classname="tests.test_hygiene_batch_a" name="test_segment_course_resume_falls_back_to_legacy_named_dicom_seg" time="0.002" /><testcase classname="tests.test_hygiene_batch_a" name="test_resolve_clinical_root_env_honors_override" time="0.001" /><testcase classname="tests.test_hygiene_batch_a" name="test_resolve_clinical_root_env_defaults_to_none_when_unset" time="0.000" /><testcase classname="tests.test_hygiene_batch_a" name="test_clinical_root_module_default_has_no_hardcoded_institution_path" time="0.001" /><testcase classname="tests.test_hygiene_batch_a" name="test_clinical_measurement_degrades_when_clinical_root_unset" time="0.000" /><testcase classname="tests.test_hygiene_batch_a" name="test_clinical_measurement_uses_configured_clinical_root" time="0.002" /><testcase classname="tests.test_inventory_only_reachability" name="test_cli_inventory_only_patient_reaches_all_series_segmentation" time="0.003" /><testcase classname="tests.test_lowconf_fixes" name="test_hardlink_into_existing_dst_never_leaves_it_absent" time="0.001" /><testcase classname="tests.test_lowconf_fixes" name="test_hardlink_crash_before_replace_leaves_dst_intact" time="0.001" /><testcase classname="tests.test_lowconf_fixes" name="test_hardlink_falls_back_to_copy_on_link_failure" time="0.001" /><testcase classname="tests.test_lowconf_fixes" name="test_prepare_radiomics_task_image_key_is_content_derived" time="0.006" /><testcase classname="tests.test_lowconf_fixes" name="test_prepare_radiomics_task_different_content_never_collides" time="0.007" /><testcase classname="tests.test_lowconf_fixes" name="test_sum_doses_with_resample_handles_oblique_reference_in_plane_rotation" time="0.008" /><testcase classname="tests.test_lowconf_fixes" name="test_load_named_binary_masks_full_match_unaffected" time="0.005" /><testcase classname="tests.test_lowconf_fixes" name="test_load_named_binary_masks_partial_match_warns_and_reports_missing" time="0.003" /><testcase classname="tests.test_lowconf_fixes" name="test_check_label_name_collisions_raises_on_output_filename_collision" time="0.000" /><testcase classname="tests.test_lowconf_fixes" name="test_check_label_name_collisions_raises_on_lookup_token_collision" time="0.000" /><testcase classname="tests.test_lowconf_fixes" name="test_check_label_name_collisions_allows_distinct_names" time="0.000" /><testcase classname="tests.test_lowconf_fixes" name="test_parse_custom_model_fails_closed_on_colliding_network_labels" time="0.001" /><testcase classname="tests.test_lowconf_fixes" name="test_temporary_env_restores_prior_values_and_absent_keys" time="0.000" /><testcase classname="tests.test_lowconf_fixes" name="test_temporary_env_restores_on_exception" time="0.000" /><testcase classname="tests.test_materialize_scope" name="test_none_materializes_all_non_excluded" time="0.003" /><testcase classname="tests.test_materialize_scope" name="test_allowlist_skips_out_of_scope" time="0.003" /><testcase classname="tests.test_materialize_scope" name="test_empty_list_materializes_none" time="0.002" /><testcase classname="tests.test_materialize_scope" name="test_explicit_segment_scope_is_unioned_in" time="0.002" /><testcase classname="tests.test_materialize_scope" name="test_empty_list_still_protects_segment_scope" time="0.002" /><testcase classname="tests.test_materialize_scope" name="test_empty_segment_scope_unions_nothing" time="0.002" /><testcase classname="tests.test_materialize_scope" name="test_segment_everything_scope_materializes_all_segmentable" time="0.002" /><testcase classname="tests.test_metadata_modality_hardening" name="test_non_aria_filenames_export_each_dicom_modality" time="0.574" /><testcase classname="tests.test_metadata_modality_hardening" name="test_extensionless_dicom_export_populates_rt_tables" time="0.799" /><testcase classname="tests.test_metadata_modality_hardening" name="test_plan_and_dose_associate_through_dicom_reference_without_a_filename_key" time="0.001" /><testcase classname="tests.test_metadata_modality_hardening" name="test_aria_filenames_retain_the_legacy_export_shape" time="0.637" /><testcase classname="tests.test_metadata_modality_hardening" name="test_detected_plans_that_yield_no_rows_fail_loudly" time="0.486" /><testcase classname="tests.test_modality_classifier" name="test_advanced_reconstruction_blank_description_is_4dct_phase" time="0.000" /><testcase classname="tests.test_modality_classifier" name="test_halcyon_pva_is_cbct" time="0.000" /><testcase classname="tests.test_modality_classifier" name="test_mip_projection_is_excluded" time="0.000" /><testcase classname="tests.test_modality_classifier" name="test_average_various_with_ave_image_type_is_4dct_ave" time="0.000" /><testcase classname="tests.test_modality_classifier" name="test_resp_motion_maxip_projection_is_excluded" time="0.000" /><testcase classname="tests.test_modality_classifier" name="test_varian_min_projection_is_excluded" time="0.000" /><testcase classname="tests.test_modality_classifier" name="test_resp_low_percent_is_4dct_phase" time="0.000" /><testcase classname="tests.test_modality_classifier" name="test_localizer_image_type_is_excluded" time="0.000" /><testcase classname="tests.test_modality_classifier" name="test_ep2d_diff_mr_is_functional" time="0.000" /><testcase classname="tests.test_modality_classifier" name="test_t2_tse_mr_is_anatomic" time="0.000" /><testcase classname="tests.test_modality_classifier" name="test_petct_ct_requires_pt_same_study_for" time="0.000" /><testcase classname="tests.test_modality_classifier" name="test_sub_volumetric_series_is_excluded" time="0.000" /><testcase classname="tests.test_modality_classifier" name="test_pet_dose_report_is_excluded" time="0.000" /><testcase classname="tests.test_modality_classifier" name="test_pet_sub_volumetric_series_is_excluded" time="0.000" /><testcase classname="tests.test_modality_classifier" name="test_pet_secondary_capture_is_excluded" time="0.000" /><testcase classname="tests.test_modality_classifier" name="test_real_pet_reconstruction_is_kept" time="0.000" /><testcase classname="tests.test_modality_classifier" name="test_nms_ct_is_calibrated_for_planning" time="0.000" /><testcase classname="tests.test_modality_classifier" name="test_hitachi_ct_is_calibrated_for_planning_and_diagnostic" time="0.000" /><testcase classname="tests.test_modality_classifier" name="test_explicit_planning_flag_overrides_rt_link_fallback" time="0.000" /><testcase classname="tests.test_modality_classifier" name="test_explicit_planning_flag_marks_planning_ct" time="0.000" /><testcase classname="tests.test_modality_classifier" name="test_mr_anatomic_recovered[T2W_TSE_sag]" time="0.000" /><testcase classname="tests.test_modality_classifier" name="test_mr_anatomic_recovered[T1W_TSE_Tra]" time="0.000" /><testcase classname="tests.test_modality_classifier" name="test_mr_anatomic_recovered[T2_AX_MV_HR_RT]" time="0.000" /><testcase classname="tests.test_modality_classifier" name="test_mr_anatomic_recovered[Sag T2 frFSE]" time="0.000" /><testcase classname="tests.test_modality_classifier" name="test_mr_anatomic_recovered[AX T1 FSE]" time="0.000" /><testcase classname="tests.test_modality_classifier" name="test_mr_anatomic_recovered[+C Cor T1 FSE FS]" time="0.000" /><testcase classname="tests.test_modality_classifier" name="test_mr_anatomic_recovered[COR T1WI]" time="0.000" /><testcase classname="tests.test_modality_classifier" name="test_mr_anatomic_recovered[t2_blade_sag]" time="0.000" /><testcase classname="tests.test_modality_classifier" name="test_mr_anatomic_recovered[t2_me2d_tra]" time="0.000" /><testcase classname="tests.test_modality_classifier" name="test_mr_anatomic_recovered[t1_mpr_iso_1.5mm_cor]" time="0.000" /><testcase classname="tests.test_modality_classifier" name="test_mr_anatomic_recovered[mDIXON XD]" time="0.000" /><testcase classname="tests.test_modality_classifier" name="test_mr_anatomic_recovered[t1_tse_dixon_tra_largeFoV_W]" time="0.000" /><testcase classname="tests.test_modality_classifier" name="test_mr_anatomic_recovered[Odbytnica staging]" time="0.000" /><testcase classname="tests.test_modality_classifier" name="test_mr_anatomic_recovered[Odbytnica plan]" time="0.000" /><testcase classname="tests.test_modality_classifier" name="test_mr_functional_recovered[DWI_b1500]" time="0.000" /><testcase classname="tests.test_modality_classifier" name="test_mr_functional_recovered[DWI_3b_dS_ZOOM]" time="0.001" /><testcase classname="tests.test_modality_classifier" name="test_mr_functional_recovered[IsoDWI]" time="0.000" /><testcase classname="tests.test_modality_classifier" name="test_mr_functional_recovered[cDWI.b=1000]" time="0.000" /><testcase classname="tests.test_modality_classifier" name="test_mr_functional_recovered[dADC]" time="0.000" /><testcase classname="tests.test_modality_classifier" name="test_mr_functional_recovered[ep2d_diff_tra_0-800_ADC]" time="0.000" /><testcase classname="tests.test_modality_classifier" name="test_mr_functional_recovered[t1_twist_tra_dyn_TT=7.0s]" time="0.000" /><testcase classname="tests.test_modality_classifier" name="test_mr_functional_recovered[t1_vibe_tra_perf_CM_SUB]" time="0.000" /><testcase classname="tests.test_modality_classifier" name="test_mr_functional_recovered[t1_vibe_fs_tra_SUB]" time="0.000" /><testcase classname="tests.test_modality_classifier" name="test_mr_functional_recovered[t1_fl3d_vibe_SUB_4mm]" time="0.000" /><testcase classname="tests.test_modality_classifier" name="test_mr_functional_recovered[t1_vibe_SUB_MIP]" time="0.000" /><testcase classname="tests.test_modality_classifier" name="test_mr_genuine_exclusions[C_localizer-mr_nonanatomic_localizer]" time="0.000" /><testcase classname="tests.test_modality_classifier" name="test_mr_genuine_exclusions[L/S_localizer-mr_nonanatomic_localizer]" time="0.000" /><testcase classname="tests.test_modality_classifier" name="test_mr_genuine_exclusions[3-Plane Loc-mr_nonanatomic_loc]" time="0.000" /><testcase classname="tests.test_modality_classifier" name="test_mr_genuine_exclusions[SURVEY_BFFE-mr_nonanatomic_survey]" time="0.000" /><testcase classname="tests.test_modality_classifier" name="test_mr_genuine_exclusions[Calibration-mr_nonanatomic_calibration]" time="0.000" /><testcase classname="tests.test_modality_classifier" name="test_mr_genuine_exclusions[-mr_unrecognized_default_deny]" time="0.000" /><testcase classname="tests.test_modality_classifier" name="test_mr_anatomic_does_not_swallow_functional_with_t2_token" time="0.000" /><testcase classname="tests.test_modality_classifier" name="test_mr_standalone_subtraction_token_does_not_capture_anatomic_prefixes[AX subclavian T1 FSE]" time="0.000" /><testcase classname="tests.test_modality_classifier" name="test_mr_standalone_subtraction_token_does_not_capture_anatomic_prefixes[subcutaneous fat T2 TSE]" time="0.000" /><testcase classname="tests.test_modality_classifier" name="test_mr_standalone_subtraction_token_does_not_capture_anatomic_prefixes[submandibular gland T2W]" time="0.000" /><testcase classname="tests.test_modality_classifier" name="test_mr_standalone_subtraction_token_does_not_capture_anatomic_prefixes[subcarinal node T1 TSE]" time="0.000" /><testcase classname="tests.test_modality_classifier" name="test_acuity_cbct_with_stray_localizer_is_kept_as_cbct" time="0.000" /><testcase classname="tests.test_modality_classifier" name="test_pure_localizer_series_still_excluded" time="0.000" /><testcase classname="tests.test_modality_classifier" name="test_plastimatch_rtstruct_linked_ct_is_planning" time="0.000" /><testcase classname="tests.test_modality_classifier" name="test_rtstruct_series_linked_unrecognized_ct_is_diagnostic" time="0.000" /><testcase classname="tests.test_modality_classifier" name="test_non_rtlinked_unrecognized_ct_default_denied" time="0.000" /><testcase classname="tests.test_modality_classifier" name="test_non_rtlinked_derived_secondary_ct_gets_specific_reason" time="0.000" /><testcase classname="tests.test_modality_classifier" name="test_syngo_via_report_excluded_subvolumetric" time="0.000" /><testcase classname="tests.test_modality_classifier" name="test_pet_mip_projection_excluded" time="0.000" /><testcase classname="tests.test_modality_classifier" name="test_pet_maxip_image_type_excluded" time="0.000" /><testcase classname="tests.test_modality_classifier" name="test_real_pet_not_flagged_as_projection" time="0.000" /><testcase classname="tests.test_modality_classifier" name="test_vitesse_derived_secondary_mr_gets_specific_reason" time="0.000" /><testcase classname="tests.test_modality_classifier" name="test_ge_cal_mr_excluded_with_cal_token" time="0.000" /><testcase classname="tests.test_modality_classifier" name="test_assign_planning_flags_series_linked" time="0.000" /><testcase classname="tests.test_modality_classifier" name="test_assign_planning_flags_for_unique" time="0.000" /><testcase classname="tests.test_modality_classifier" name="test_assign_planning_flags_for_ambiguous" time="0.000" /><testcase classname="tests.test_modality_classifier" name="test_assign_planning_flags_for_superseded_by_series" time="0.000" /><testcase classname="tests.test_modality_classifier" name="test_classifier_meta_emits_rt_link_contract" time="0.000" /><testcase classname="tests.test_modality_classifier" name="test_series_linked_unrecognized_ct_recovers_via_production_path" time="0.000" /><testcase classname="tests.test_mr_classify_guard_and_cbct_guard" name="test_c3_cbct_is_non_quantitative" time="0.000" /><testcase classname="tests.test_mr_classify_guard_and_cbct_guard" name="test_c3_calibrated_classes_are_quantitative" time="0.000" /><testcase classname="tests.test_mr_classify_guard_and_cbct_guard" name="test_imagetype_multivalue_parsed_not_malformed" time="0.002" /><testcase classname="tests.test_mr_classify_guard_and_cbct_guard" name="test_c2_anatomic_t2_is_segmented" time="0.011" /><testcase classname="tests.test_mr_classify_guard_and_cbct_guard" name="test_c2_functional_dwi_is_skipped" time="0.011" /><testcase classname="tests.test_mr_classify_guard_and_cbct_guard" name="test_c2_adc_map_is_skipped" time="0.011" /><testcase classname="tests.test_mr_classify_guard_and_cbct_guard" name="test_c2_localizer_is_skipped" time="0.010" /><testcase classname="tests.test_mr_classify_guard_and_cbct_guard" name="test_c2_unrecognized_mr_is_segmented_backcompat" time="0.010" /><testcase classname="tests.test_mr_classify_guard_and_cbct_guard" name="test_c2_empty_dir_is_segmented_backcompat" time="0.001" /><testcase classname="tests.test_mr_classify_guard_and_cbct_guard" name="test_c2_malformed_dcm_segments_backcompat" time="0.001" /><testcase classname="tests.test_mr_classify_guard_and_cbct_guard" name="test_c2_thin_anatomic_mr_is_segmented_bc2" time="0.006" /><testcase classname="tests.test_mr_classify_guard_and_cbct_guard" name="test_c2_dce_perfusion_is_skipped" time="0.011" /><testcase classname="tests.test_mr_classify_guard_and_cbct_guard" name="test_c2_derived_secondary_is_skipped" time="0.013" /><testcase classname="tests.test_mr_classify_guard_and_cbct_guard" name="test_c2_prefers_slice_with_description" time="0.011" /><testcase classname="tests.test_mr_functional_b3" name="test_route_sampled_subtypes[ep2d_diff_tra_0-800_ADC-adc-True-percentiles]" time="0.000" /><testcase classname="tests.test_mr_functional_b3" name="test_route_sampled_subtypes[IsoADC-adc-True-percentiles]" time="0.000" /><testcase classname="tests.test_mr_functional_b3" name="test_route_sampled_subtypes[dADC-adc-True-percentiles]" time="0.000" /><testcase classname="tests.test_mr_functional_b3" name="test_route_sampled_subtypes[Apparent Diffusion Coefficient-adc-True-percentiles]" time="0.000" /><testcase classname="tests.test_mr_functional_b3" name="test_route_sampled_subtypes[IsoDWI-dwi-True-percentiles]" time="0.000" /><testcase classname="tests.test_mr_functional_b3" name="test_route_sampled_subtypes[cDWI.b=1000-dwi-True-percentiles]" time="0.000" /><testcase classname="tests.test_mr_functional_b3" name="test_route_sampled_subtypes[DWI_b1500-dwi-True-percentiles]" time="0.000" /><testcase classname="tests.test_mr_functional_b3" name="test_route_sampled_subtypes[DWIBS_SBC-dwi-True-percentiles]" time="0.000" /><testcase classname="tests.test_mr_functional_b3" name="test_route_sampled_subtypes[TTP_ep2d_perf_p2-perfusion-True-mean_median]" time="0.000" /><testcase classname="tests.test_mr_functional_b3" name="test_route_sampled_subtypes[RELCBV_LOCAL_ep2d_perf_p2-perfusion-True-mean_median]" time="0.000" /><testcase classname="tests.test_mr_functional_b3" name="test_route_sampled_subtypes[t1_vibe_tra_perf_CM_WO-perfusion-True-mean_median]" time="0.000" /><testcase classname="tests.test_mr_functional_b3" name="test_route_sampled_subtypes[t1_vibe_tra_perf_CM_PEI-perfusion-True-mean_median]" time="0.000" /><testcase classname="tests.test_mr_functional_b3" name="test_route_sampled_subtypes[t1_vibe_fs_tra_SUB-subtraction-True-mean_median]" time="0.000" /><testcase classname="tests.test_mr_functional_b3" name="test_route_sampled_subtypes[t1_vibe-grasp_fs_tra_SUB-subtraction-True-mean_median]" time="0.000" /><testcase classname="tests.test_mr_functional_b3" name="test_route_raw_perf_defers_before_dwi[ep2d_perf_p2]" time="0.000" /><testcase classname="tests.test_mr_functional_b3" name="test_route_raw_perf_defers_before_dwi[t1_vibe_tra_perf_CM]" time="0.000" /><testcase classname="tests.test_mr_functional_b3" name="test_route_raw_dynamics_defer[t1_twist_tra_dyn_TT=7.0s]" time="0.000" /><testcase classname="tests.test_mr_functional_b3" name="test_route_raw_dynamics_defer[t1_vibe_tra_dynamic]" time="0.000" /><testcase classname="tests.test_mr_functional_b3" name="test_route_raw_dynamics_defer[t1_vibe-grasp_fs_tra]" time="0.000" /><testcase classname="tests.test_mr_functional_b3" name="test_route_raw_dynamics_defer[DCE T1 dynamic]" time="0.000" /><testcase classname="tests.test_mr_functional_b3" name="test_route_twist_is_not_perfusion_substring_guard" time="0.000" /><testcase classname="tests.test_mr_functional_b3" name="test_route_ep2d_diff_is_dwi_not_deferred" time="0.000" /><testcase classname="tests.test_mr_functional_b3" name="test_route_mip_excluded[t1_vibe_fs_tra_SUB_MIP_COR-None]" time="0.000" /><testcase classname="tests.test_mr_functional_b3" name="test_route_mip_excluded[ADC map-image_types1]" time="0.000" /><testcase classname="tests.test_mr_functional_b3" name="test_route_unsupported_default_deny" time="0.000" /><testcase classname="tests.test_mr_functional_b3" name="test_direct_tier_when_same_geometry" time="0.002" /><testcase classname="tests.test_mr_functional_b3" name="test_exact_percentiles_direct_tier" time="0.002" /><testcase classname="tests.test_mr_functional_b3" name="test_same_for_different_grid_linear_resample" time="0.003" /><testcase classname="tests.test_mr_functional_b3" name="test_empty_mask_qc" time="0.001" /><testcase classname="tests.test_mr_functional_b3" name="test_low_native_voxels_and_deformable_flag" time="0.001" /><testcase classname="tests.test_mr_functional_b3" name="test_coverage_fraction" time="0.000" /><testcase classname="tests.test_mr_functional_b3" name="test_rigid_registration_recovers_translation" time="0.088" /><testcase classname="tests.test_mr_functional_b3" name="test_select_shared_for" time="0.000" /><testcase classname="tests.test_mr_functional_b3" name="test_select_no_candidates" time="0.000" /><testcase classname="tests.test_mr_functional_b3" name="test_select_same_study_tiebreak_n_slices" time="0.000" /><testcase classname="tests.test_mr_functional_b3" name="test_select_refuses_unrelated_anatomic_fallback" time="0.000" /><testcase classname="tests.test_mr_functional_b3" name="test_read_total_mr_label_image" time="0.003" /><testcase classname="tests.test_mr_functional_b3" name="test_csv_writer_flattens_sidecars" time="0.002" /><testcase classname="tests.test_mr_functional_b3" name="test_csv_writer_no_sidecars_returns_none" time="0.001" /><testcase classname="tests.test_mr_functional_b3" name="test_orchestrator_ok_path_writes_sidecar" time="0.004" /><testcase classname="tests.test_mr_functional_b3" name="test_adc_without_explicit_dicom_units_is_not_assumed_calibrated" time="0.001" /><testcase classname="tests.test_mr_functional_b3" name="test_orchestrator_raw_dynamic_excluded" time="0.002" /><testcase classname="tests.test_mr_functional_b3" name="test_orchestrator_anatomic_out_of_scope" time="0.002" /><testcase classname="tests.test_mr_functional_b3" name="test_orchestrator_completeness_every_series_in_csv" time="0.005" /><testcase classname="tests.test_mr_functional_b3" name="test_orchestrator_existing_sidecar_is_refreshed" time="0.005" /><testcase classname="tests.test_mr_functional_b3" name="test_config_default_off" time="0.000" /><testcase classname="tests.test_mr_functional_b3" name="test_select_ambiguous_when_tied" time="0.000" /><testcase classname="tests.test_mr_functional_b3" name="test_select_affine_breaks_tie" time="0.000" /><testcase classname="tests.test_mr_functional_b3" name="test_native_voxel_counts_identity" time="0.001" /><testcase classname="tests.test_mr_functional_b3" name="test_orchestrator_low_coverage_reg_failed" time="0.004" /><testcase classname="tests.test_mr_functional_b3" name="test_orchestrator_registers_against_intensity_not_mask" time="0.004" /><testcase classname="tests.test_mr_functional_b3" name="test_load_functional_volume_3d_ok_and_multivolume" time="0.006" /><testcase classname="tests.test_mr_functional_b3" name="test_load_functional_volume_not_materialized" time="0.001" /><testcase classname="tests.test_mr_functional_b3" name="test_units_provenance_convention_fallback" time="0.001" /><testcase classname="tests.test_mr_functional_b3" name="test_missing_units_are_never_assumed[adc]" time="0.001" /><testcase classname="tests.test_mr_functional_b3" name="test_missing_units_are_never_assumed[dwi]" time="0.001" /><testcase classname="tests.test_mr_functional_b3" name="test_missing_units_are_never_assumed[perfusion]" time="0.001" /><testcase classname="tests.test_mr_functional_b3" name="test_missing_units_are_never_assumed[subtraction]" time="0.001" /><testcase classname="tests.test_mr_functional_b3" name="test_csv_unreadable_sidecar_logged" time="0.002" /><testcase classname="tests.test_mr_functional_b3" name="test_orchestrator_non_converged_rigid_reg_failed" time="0.002" /><testcase classname="tests.test_organize_checkpointing" name="test_a_patient_with_every_course_done_is_complete" time="0.007" /><testcase classname="tests.test_organize_checkpointing" name="test_a_partially_finished_patient_is_not_complete" time="0.003" /><testcase classname="tests.test_organize_checkpointing" name="test_a_patient_with_no_completions_is_not_complete" time="0.002" /><testcase classname="tests.test_organize_checkpointing" name="test_completions_without_an_expected_record_are_ignored" time="0.002" /><testcase classname="tests.test_organize_checkpointing" name="test_patients_are_independent" time="0.005" /><testcase classname="tests.test_organize_checkpointing" name="test_records_are_published_atomically" time="0.003" /><testcase classname="tests.test_organize_checkpointing" name="test_a_truncated_record_does_not_mark_a_patient_complete" time="0.003" /><testcase classname="tests.test_organize_checkpointing" name="test_a_course_key_with_path_characters_is_stored_safely" time="0.003" /><testcase classname="tests.test_organize_checkpointing" name="test_nothing_is_complete_before_any_run" time="0.001" /><testcase classname="tests.test_parallel_discovery_equivalence" name="test_index_ct_series_parallel_matches_serial" time="0.026" /><testcase classname="tests.test_parallel_discovery_equivalence" name="test_index_ct_series_max_workers_one_is_plain_serial_loop" time="0.025" /><testcase classname="tests.test_parallel_discovery_equivalence" name="test_extract_rt_parallel_matches_serial" time="0.023" /><testcase classname="tests.test_parallel_discovery_equivalence" name="test_index_series_and_registrations_parallel_matches_serial" time="0.023" /><testcase classname="tests.test_parallel_discovery_equivalence" name="test_index_ct_series_duplicate_and_none_instance_numbers_stable" time="0.019" /><testcase classname="tests.test_parallel_discovery_equivalence" name="test_non_dcm_files_present_parallel_equals_serial" time="0.056" /><testcase classname="tests.test_parallel_discovery_equivalence" name="test_unreadable_file_returns_none_and_is_skipped" time="0.052" /><testcase classname="tests.test_parallel_discovery_equivalence" name="test_default_index_workers_env_parsing" time="0.000" /><testcase classname="tests.test_parallel_discovery_equivalence" name="test_max_workers_one_spawns_no_threads" time="0.000" /><testcase classname="tests.test_parallel_discovery_equivalence" name="test_parallel_map_files_multi_chunk_boundary_order_preserved" time="0.056" /><testcase classname="tests.test_percourse_ct_selection" name="test_study_dir_with_multiple_ct_series_is_grouped_by_real_series" time="0.020" /><testcase classname="tests.test_percourse_ct_selection" name="test_genuine_tcia_one_series_per_dir_no_regression" time="0.012" /><testcase classname="tests.test_percourse_ct_selection" name="test_study_dir_first_file_non_ct_still_indexes_ct" time="0.013" /><testcase classname="tests.test_percourse_ct_selection" name="test_selection_prefers_referenced_smaller_series" time="0.004" /><testcase classname="tests.test_percourse_ct_selection" name="test_selection_no_references_falls_back_to_largest" time="0.002" /><testcase classname="tests.test_percourse_ct_selection" name="test_selection_unresolved_reference_fails_closed" time="0.004" /><testcase classname="tests.test_percourse_ct_selection" name="test_selection_multiple_resolved_deterministic_tiebreak" time="0.004" /><testcase classname="tests.test_percourse_ct_selection" name="test_selection_tiebreak_equal_slices_lowest_uid" time="0.004" /><testcase classname="tests.test_percourse_ct_selection" name="test_selection_searches_across_studies" time="0.003" /><testcase classname="tests.test_percourse_ct_selection" name="test_copy_ct_series_purges_stale_dst" time="0.002" /><testcase classname="tests.test_percourse_ct_selection" name="test_copy_ct_series_materializes_dst_on_foreign_dedup" time="0.003" /><testcase classname="tests.test_percourse_ct_selection" name="test_clear_dir_removes_files_and_subdirs" time="0.002" /><testcase classname="tests.test_percourse_ct_selection" name="test_fail_closed_preserves_populated_percourse_ct_outputs_by_default" time="0.002" /><testcase classname="tests.test_percourse_ct_selection" name="test_fail_closed_can_clear_populated_outputs_with_explicit_override" time="0.002" /><testcase classname="tests.test_pet_structures_b2" name="test_suvmax_mean_exact" time="0.001" /><testcase classname="tests.test_pet_structures_b2" name="test_suvpeak_uniform_field_equals_value" time="0.003" /><testcase classname="tests.test_pet_structures_b2" name="test_suvpeak_single_hot_voxel_is_sphere_mean_not_max" time="0.003" /><testcase classname="tests.test_pet_structures_b2" name="test_suvpeak_not_clipped_to_structure" time="0.003" /><testcase classname="tests.test_pet_structures_b2" name="test_empty_structure_qc" time="0.000" /><testcase classname="tests.test_pet_structures_b2" name="test_resample_mask_to_suv_grid_nn" time="0.001" /><testcase classname="tests.test_pet_structures_b2" name="test_pair_one" time="0.000" /><testcase classname="tests.test_pet_structures_b2" name="test_pair_none" time="0.000" /><testcase classname="tests.test_pet_structures_b2" name="test_pair_ambiguous_tie" time="0.000" /><testcase classname="tests.test_pet_structures_b2" name="test_pair_multiple_candidates_are_ambiguous_even_when_slice_counts_differ" time="0.000" /><testcase classname="tests.test_pet_structures_b2" name="test_pair_empty_for" time="0.000" /><testcase classname="tests.test_pet_structures_b2" name="test_read_total_ct_label_image" time="0.004" /><testcase classname="tests.test_pet_structures_b2" name="test_orchestrator_ok_path" time="0.003" /><testcase classname="tests.test_pet_structures_b2" name="test_orchestrator_no_petct" time="0.002" /><testcase classname="tests.test_pet_structures_b2" name="test_orchestrator_suv_missing" time="0.002" /><testcase classname="tests.test_pet_structures_b2" name="test_orchestrator_masks_missing" time="0.002" /><testcase classname="tests.test_pet_structures_b2" name="test_orchestrator_ambiguous_petct" time="0.002" /><testcase classname="tests.test_pet_structures_b2" name="test_orchestrator_completeness_and_csv" time="0.004" /><testcase classname="tests.test_pet_structures_b2" name="test_orchestrator_existing_sidecar_is_refreshed" time="0.005" /><testcase classname="tests.test_pet_structures_b2" name="test_csv_unreadable_logged" time="0.002" /><testcase classname="tests.test_pet_structures_b2" name="test_config_default_off" time="0.000" /><testcase classname="tests.test_pet_structures_b2" name="test_suvpeak_sphere_asymmetric_exact" time="0.001" /><testcase classname="tests.test_pet_structures_b2" name="test_per_structure_suv_hottest_voxel_index_ordering" time="0.001" /><testcase classname="tests.test_pet_structures_b2" name="test_resample_mask_label_placement" time="0.001" /><testcase classname="tests.test_pet_structures_b2" name="test_orchestrator_exact_value" time="0.008" /><testcase classname="tests.test_pet_structures_b2" name="test_orchestrator_real_mask_discovery" time="0.009" /><testcase classname="tests.test_pet_structures_b2" name="test_orchestrator_status_filter_excludes_non_eligible" time="0.002" /><testcase classname="tests.test_pet_structures_b2" name="test_orchestrator_multi_pet_completeness" time="0.005" /><testcase classname="tests.test_pet_suv" name="test_suv_math_and_manifest_status" time="0.039" /><testcase classname="tests.test_pet_suv" name="test_suv_nifti_geometry_matches_actual_dcm2niix" time="0.001"><skipped type="pytest.skip" message="dcm2niix executable unavailable for PET SUV geometry comparison">/umed-projekty/rtpipeline/tests/test_pet_suv.py:195: dcm2niix executable unavailable for PET SUV geometry comparison</skipped></testcase><testcase classname="tests.test_pet_suv" name="test_per_instance_rescale_uses_each_slice" time="0.008" /><testcase classname="tests.test_pet_suv" name="test_pet_suv_force_recomputes_existing_output" time="0.015" /><testcase classname="tests.test_pet_suv" name="test_decay_factor_guard_converts_frame_reference_time_ms" time="0.000" /><testcase classname="tests.test_pet_suv" name="test_compound_isotope_resolution[Choline-^11^Carbon-C11_choline-False]" time="0.001" /><testcase classname="tests.test_pet_suv" name="test_compound_isotope_resolution[Fcholine-^18^Fluorine-F18_fluorocholine-False]" time="0.001" /><testcase classname="tests.test_pet_suv" name="test_compound_isotope_resolution[[18F]Fluorocholine-^18^Fluorine-F18_fluorocholine-False]" time="0.001" /><testcase classname="tests.test_pet_suv" name="test_compound_isotope_resolution[PSMA-^68^Gallium-Ga68_PSMA11-False]" time="0.001" /><testcase classname="tests.test_pet_suv" name="test_compound_isotope_resolution[PSMA-^18^Fluorine-F18_PSMA_ligand-False]" time="0.000" /><testcase classname="tests.test_pet_suv" name="test_compound_isotope_resolution[DOTATOC-^68^Gallium-Ga68_DOTATOC-False]" time="0.001" /><testcase classname="tests.test_pet_suv" name="test_compound_isotope_resolution[DOTATATE-^68^Gallium-Ga68_DOTATATE-False]" time="0.001" /><testcase classname="tests.test_pet_suv" name="test_noninformative_solution_uses_description_fallback" time="0.000" /><testcase classname="tests.test_pet_suv" name="test_compound_label_isotope_conflict_is_flagged_not_dropped" time="0.000" /><testcase classname="tests.test_pet_suv" name="test_unknown_compound_mapping_has_dedicated_flag" time="0.000" /><testcase classname="tests.test_pet_suv" name="test_recon_family_dictionary_round1_aliases[OSEM3D 2i24s--OSEM-like]" time="0.001" /><testcase classname="tests.test_pet_suv" name="test_recon_family_dictionary_round1_aliases[-PSF+TOF 2i21s-PSF]" time="0.000" /><testcase classname="tests.test_pet_suv" name="test_recon_family_dictionary_round1_aliases[2D filteredbackprojection--FBP]" time="0.001" /><testcase classname="tests.test_pet_suv" name="test_recon_family_dictionary_round1_aliases[not in dictionary--Unknown]" time="0.001" /><testcase classname="tests.test_pet_suv" name="test_validity_gate_exclusion_reasons[updates0-non_bqml_units]" time="0.001" /><testcase classname="tests.test_pet_suv" name="test_validity_gate_exclusion_reasons[updates1-missing_required_corrections]" time="0.001" /><testcase classname="tests.test_pet_suv" name="test_validity_gate_exclusion_reasons[updates2-invalid_image_type]" time="0.001" /><testcase classname="tests.test_pet_suv" name="test_validity_gate_exclusion_reasons[updates3-unsupported_decay_correction]" time="0.001" /><testcase classname="tests.test_pet_suv" name="test_validity_gate_exclusion_reasons[updates4-derived_rt_software_pet_export]" time="0.001" /><testcase classname="tests.test_pet_suv" name="test_validity_gate_exclusion_reasons[updates5-derived_rt_software_pet_export]" time="0.001" /><testcase classname="tests.test_pet_suv" name="test_validity_gate_exclusion_reasons[updates6-unsupported_multiframe_pet]" time="0.001" /><testcase classname="tests.test_pet_suv" name="test_valid_image_type_with_extra_tokens_is_accepted" time="0.001" /><testcase classname="tests.test_pet_suv" name="test_zextent_gate_uses_physical_extent_not_slice_count" time="0.000" /><testcase classname="tests.test_pet_suv" name="test_zextent_ipp_fallback_projects_onto_slice_normal" time="0.000" /><testcase classname="tests.test_pet_suv" name="test_primary_selection_prefers_osem_and_routes_unknown_to_manual_review" time="0.000" /><testcase classname="tests.test_pet_suv" name="test_weight_fallback_uses_clinical_json_within_window" time="0.002" /><testcase classname="tests.test_pet_suv" name="test_weight_fallback_uses_pesel_from_other_patient_ids" time="0.002" /><testcase classname="tests.test_pet_suv" name="test_fdg_short_uptake_time_is_flagged_not_excluded" time="0.008" /><testcase classname="tests.test_pet_suv" name="test_exclusion_ledger_and_manifest_status_persisted" time="0.005" /><testcase classname="tests.test_pet_suv" name="test_cli_do_ingest_pet_suv_false_never_calls_pet_suv" time="0.003" /><testcase classname="tests.test_pet_suv" name="test_cli_pet_suv_force_uses_force_redo_not_segmentation_force" time="0.003" /><testcase classname="tests.test_pet_suv" name="test_cli_loads_pet_suv_structures_from_pet_config" time="0.004" /><testcase classname="tests.test_qa_phantom_exclusion" name="test_baseline_planning_ct_still_classifies" time="0.000" /><testcase classname="tests.test_qa_phantom_exclusion" name="test_scandidos_virtualct_is_excluded_even_when_rtstruct_linked" time="0.000" /><testcase classname="tests.test_qa_phantom_exclusion" name="test_phantom_manufacturers_are_excluded[ScandiDos]" time="0.000" /><testcase classname="tests.test_qa_phantom_exclusion" name="test_phantom_manufacturers_are_excluded[Sun Nuclear]" time="0.000" /><testcase classname="tests.test_qa_phantom_exclusion" name="test_phantom_manufacturers_are_excluded[Standard Imaging]" time="0.000" /><testcase classname="tests.test_qa_phantom_exclusion" name="test_phantom_manufacturers_are_excluded[PTW]" time="0.000" /><testcase classname="tests.test_qa_phantom_exclusion" name="test_phantom_manufacturers_are_excluded[IBA Dosimetry]" time="0.000" /><testcase classname="tests.test_qa_phantom_exclusion" name="test_phantom_manufacturers_are_excluded[CIRS]" time="0.000" /><testcase classname="tests.test_qa_phantom_exclusion" name="test_phantom_models_are_excluded[VirtualCT]" time="0.000" /><testcase classname="tests.test_qa_phantom_exclusion" name="test_phantom_models_are_excluded[Virtual CT]" time="0.000" /><testcase classname="tests.test_qa_phantom_exclusion" name="test_phantom_models_are_excluded[Delta4]" time="0.000" /><testcase classname="tests.test_qa_phantom_exclusion" name="test_phantom_models_are_excluded[Delta 4]" time="0.000" /><testcase classname="tests.test_qa_phantom_exclusion" name="test_phantom_models_are_excluded[ArcCHECK]" time="0.000" /><testcase classname="tests.test_qa_phantom_exclusion" name="test_phantom_models_are_excluded[Catphan]" time="0.000" /><testcase classname="tests.test_qa_phantom_exclusion" name="test_phantom_models_are_excluded[OCTAVIUS]" time="0.000" /><testcase classname="tests.test_qa_phantom_exclusion" name="test_phantom_descriptions_are_excluded[QA phantom]" time="0.000" /><testcase classname="tests.test_qa_phantom_exclusion" name="test_phantom_descriptions_are_excluded[Delta4 QA]" time="0.000" /><testcase classname="tests.test_qa_phantom_exclusion" name="test_phantom_descriptions_are_excluded[ArcCHECK daily]" time="0.000" /><testcase classname="tests.test_qa_phantom_exclusion" name="test_phantom_descriptions_are_excluded[Quality Assurance CT]" time="0.000" /><testcase classname="tests.test_qa_phantom_exclusion" name="test_phantom_descriptions_are_excluded[CATPHAN 504]" time="0.000" /><testcase classname="tests.test_qa_phantom_exclusion" name="test_scanned_film_geometry_is_excluded" time="0.000" /><testcase classname="tests.test_qa_phantom_exclusion" name="test_plausible_slice_thicknesses_are_kept[0.6]" time="0.000" /><testcase classname="tests.test_qa_phantom_exclusion" name="test_plausible_slice_thicknesses_are_kept[1.0]" time="0.000" /><testcase classname="tests.test_qa_phantom_exclusion" name="test_plausible_slice_thicknesses_are_kept[1.5]" time="0.000" /><testcase classname="tests.test_qa_phantom_exclusion" name="test_plausible_slice_thicknesses_are_kept[2.5]" time="0.000" /><testcase classname="tests.test_qa_phantom_exclusion" name="test_plausible_slice_thicknesses_are_kept[3.0]" time="0.000" /><testcase classname="tests.test_qa_phantom_exclusion" name="test_plausible_slice_thicknesses_are_kept[5.0]" time="0.000" /><testcase classname="tests.test_qa_phantom_exclusion" name="test_plausible_slice_thicknesses_are_kept[10.0]" time="0.000" /><testcase classname="tests.test_qa_phantom_exclusion" name="test_unparseable_thickness_does_not_exclude[None]" time="0.000" /><testcase classname="tests.test_qa_phantom_exclusion" name="test_unparseable_thickness_does_not_exclude[]" time="0.000" /><testcase classname="tests.test_qa_phantom_exclusion" name="test_unparseable_thickness_does_not_exclude[not-a-number]" time="0.000" /><testcase classname="tests.test_qa_phantom_exclusion" name="test_phantom_gate_precedes_the_cbct_path" time="0.000" /><testcase classname="tests.test_qa_phantom_exclusion" name="test_anatomy_named_like_a_vendor_token_is_not_a_phantom" time="0.000" /><testcase classname="tests.test_radiomics_conda_resilience" name="test_batch_extraction_default_allows_large_roi_runtime" time="0.000" /><testcase classname="tests.test_radiomics_conda_resilience" name="test_nested_diagnostics_is_a_real_parquet_hazard" time="0.012" /><testcase classname="tests.test_radiomics_conda_resilience" name="test_jsonify_nested_columns_encodes_nested_keeps_scalars" time="0.001" /><testcase classname="tests.test_radiomics_conda_resilience" name="test_jsonified_frame_writes_to_parquet" time="0.003" /><testcase classname="tests.test_radiomics_conda_resilience" name="test_checkpoint_flush_survives_and_preserves_resume" time="0.021" /><testcase classname="tests.test_radiomics_conda_resilience" name="test_checkpoint_source_uses_sanitizer" time="0.003" /><testcase classname="tests.test_radiomics_conda_resilience" name="test_resume_writes_complete_workbook" time="0.031" /><testcase classname="tests.test_radiomics_conda_resilience" name="test_fully_checkpointed_course_regenerates_even_if_env_probe_fails" time="0.027" /><testcase classname="tests.test_radiomics_conda_resilience" name="test_roi_instance_key_distinguishes_mr_series" time="0.000" /><testcase classname="tests.test_radiomics_conda_resilience" name="test_mr_duplicate_roi_name_across_series_not_collapsed" time="0.026" /><testcase classname="tests.test_radiomics_conda_resilience" name="test_ct_totalseg_nifti_fallback_writes_tagged_workbook" time="1.037" /><testcase classname="tests.test_radiomics_conda_resilience" name="test_ct_totalseg_nifti_fallback_not_used_when_rs_selected" time="0.003" /><testcase classname="tests.test_radiomics_conda_resilience" name="test_env_check_caches_success" time="0.000" /><testcase classname="tests.test_radiomics_conda_resilience" name="test_env_check_retries_past_transient_timeout" time="0.001" /><testcase classname="tests.test_radiomics_conda_resilience" name="test_env_check_does_not_cache_failure_then_recovers" time="0.001" /><testcase classname="tests.test_radiomics_conda_resilience" name="test_env_check_timeout_is_configurable_and_classified" time="0.001" /><testcase classname="tests.test_radiomics_conda_resilience" name="test_env_check_default_probe_budget_reaches_subprocess" time="0.000" /><testcase classname="tests.test_radiomics_conda_resilience" name="test_batch_environment_unavailable_fails_and_invalidates_output" time="0.002" /><testcase classname="tests.test_radiomics_conda_resilience" name="test_radiomics_cli_probe_timeout_reaches_checker_and_unavailable_env_fails" time="0.008" /><testcase classname="tests.test_radiomics_conda_resilience" name="test_timeout_then_distinct_probe_failure_is_not_relabelled" time="0.006" /><testcase classname="tests.test_radiomics_conda_resilience" name="test_env_probe_timeout_code_survives_cli_boundary" time="0.001" /><testcase classname="tests.test_radiomics_conda_resilience" name="test_env_probe_timeout_survives_robustness_subcommand" time="0.002" /><testcase classname="tests.test_radiomics_conda_resilience" name="test_robustness_subcommand_accepts_env_probe_timeout" time="0.002" /><testcase classname="tests.test_radiomics_fail_closed" name="test_custom_roi_config_parser_rejects_malformed_inventory[custom_structures: [\n-could not be parsed]" time="0.001" /><testcase classname="tests.test_radiomics_fail_closed" name="test_custom_roi_config_parser_rejects_malformed_inventory[- name: SharedROI\n-top level must be a mapping]" time="0.002" /><testcase classname="tests.test_radiomics_fail_closed" name="test_custom_roi_config_parser_rejects_malformed_inventory[other: []\n-missing required 'custom_structures' section]" time="0.001" /><testcase classname="tests.test_radiomics_fail_closed" name="test_custom_roi_config_parser_rejects_malformed_inventory[custom_structures: {}\n-must be a non-empty list]" time="0.002" /><testcase classname="tests.test_radiomics_fail_closed" name="test_custom_roi_config_parser_rejects_malformed_inventory[custom_structures: []\n-must be a non-empty list]" time="0.001" /><testcase classname="tests.test_radiomics_fail_closed" name="test_custom_roi_config_parser_rejects_malformed_inventory[custom_structures:\n  - SharedROI\n-entry 1 must be a mapping]" time="0.001" /><testcase classname="tests.test_radiomics_fail_closed" name="test_custom_roi_config_parser_rejects_malformed_inventory[custom_structures:\n  - operation: union\n-entry 1 has an invalid 'name']" time="0.001" /><testcase classname="tests.test_radiomics_fail_closed" name="test_custom_roi_config_parser_rejects_malformed_inventory[custom_structures:\n  - name: 17\n-entry 1 has an invalid 'name']" time="0.001" /><testcase classname="tests.test_radiomics_fail_closed" name="test_custom_roi_config_parser_rejects_malformed_inventory[custom_structures:\n  - name: SharedROI\n    source_structures: [PTV]\n  - name: SharedROI\n    source_structures: [GTV]\n-duplicate ROI name]" time="0.002" /><testcase classname="tests.test_radiomics_fail_closed" name="test_custom_roi_config_parser_rejects_malformed_inventory[custom_structures:\n  - name: SharedROI\n-invalid 'source_structures']" time="0.002" /><testcase classname="tests.test_radiomics_fail_closed" name="test_custom_roi_config_parser_rejects_malformed_inventory[custom_structures:\n  - name: SharedROI\n    operation: invalid\n    source_structures: [PTV]\n-invalid 'operation']" time="0.002" /><testcase classname="tests.test_radiomics_fail_closed" name="test_custom_roi_config_parser_rejects_malformed_inventory[custom_structures:\n  - name: SharedROI\n    source_structures: [PTV]\n    margin: [5]\n-invalid 'margin']" time="0.002" /><testcase classname="tests.test_radiomics_fail_closed" name="test_custom_roi_config_read_error_is_fatal" time="0.001" /><testcase classname="tests.test_radiomics_fail_closed" name="test_malformed_custom_roi_config_fails_closed_in_every_backend[native]" time="0.002" /><testcase classname="tests.test_radiomics_fail_closed" name="test_malformed_custom_roi_config_fails_closed_in_every_backend[parallel]" time="0.002" /><testcase classname="tests.test_radiomics_fail_closed" name="test_malformed_custom_roi_config_fails_closed_in_every_backend[conda]" time="0.002" /><testcase classname="tests.test_radiomics_fail_closed" name="test_missing_expected_custom_model_structure_fails_course_in_every_backend[native]" time="0.002" /><testcase classname="tests.test_radiomics_fail_closed" name="test_missing_expected_custom_model_structure_fails_course_in_every_backend[parallel]" time="0.002" /><testcase classname="tests.test_radiomics_fail_closed" name="test_missing_expected_custom_model_structure_fails_course_in_every_backend[conda]" time="0.002" /><testcase classname="tests.test_radiomics_fail_closed" name="test_custom_model_definition_supplies_expected_inventory_without_manifest" time="0.002" /><testcase classname="tests.test_radiomics_fail_closed" name="test_same_named_roi_remains_distinct_across_all_ct_sources" time="0.018" /><testcase classname="tests.test_radiomics_fail_closed" name="test_direct_rtstruct_missing_or_empty_expected_mask_fails[None-did not provide a mask]" time="0.001" /><testcase classname="tests.test_radiomics_fail_closed" name="test_direct_rtstruct_missing_or_empty_expected_mask_fails[mask_result1-empty required mask]" time="0.001" /><testcase classname="tests.test_radiomics_fail_closed" name="test_direct_rtstruct_roi_read_failure_is_not_omitted" time="0.001" /><testcase classname="tests.test_radiomics_fail_closed" name="test_direct_rtstruct_configured_skip_is_explicit_ineligibility" time="0.001" /><testcase classname="tests.test_radiomics_fail_closed" name="test_direct_rtstruct_construction_failure_invalidates_stal
[...]
pped" time="0.000" /><testcase classname="tests.test_reliability_batch_b" name="test_process_batch_duplicate_roi_names_do_not_cross_assign" time="0.000" /><testcase classname="tests.test_reliability_batch_b" name="test_process_radiomics_batch_sequential_uses_process_batch_source_guard" time="0.006" /><testcase classname="tests.test_reliability_batch_b" name="test_process_radiomics_batch_sequential_dropped_result_fails_closed" time="0.002" /><testcase classname="tests.test_reliability_batch_b" name="test_checkpoint_flush_writes_via_temp_and_replace_source_guard" time="0.001" /><testcase classname="tests.test_reliability_batch_b" name="test_checkpoint_flush_leaves_prior_checkpoint_intact_on_simulated_crash" time="0.011" /><testcase classname="tests.test_reliability_batch_b" name="test_checkpoint_flush_leaves_no_temp_file_on_success" time="0.002" /><testcase classname="tests.test_reliability_batch_b" name="test_adaptive_workers_recovers_from_broken_pool_during_backfill" time="0.028" /><testcase classname="tests.test_reliability_batch_b" name="test_adaptive_workers_backfill_submit_guarded_source_guard" time="0.005" /><testcase classname="tests.test_reliability_batch_b" name="test_parallel_radiomics_recovers_from_broken_pool_during_backfill" time="0.044" /><testcase classname="tests.test_reliability_batch_b" name="test_parallel_worker_mask_read_exception_raises_region_failure" time="0.001" /><testcase classname="tests.test_reliability_batch_b" name="test_parallel_worker_missing_mask_raises_region_failure" time="0.001" /><testcase classname="tests.test_reliability_batch_b" name="test_parallel_worker_missing_builder_raises_region_failure" time="0.001" /><testcase classname="tests.test_reliability_batch_b" name="test_parallel_worker_empty_mask_raises_region_failure" time="0.001" /><testcase classname="tests.test_reliability_batch_b" name="test_parallel_worker_undersized_mask_returns_observed_status" time="0.001" /><testcase classname="tests.test_reliability_batch_b" name="test_parallel_worker_declared_skip_returns_status" time="0.001" /><testcase classname="tests.test_reliability_batch_b" name="test_parallel_success_record_uses_public_feature_schema_only" time="0.001" /><testcase classname="tests.test_reliability_batch_b" name="test_parallel_radiomics_region_failure_aborts_course_and_invalidates_table" time="0.020" /><testcase classname="tests.test_reliability_batch_b" name="test_parallel_radiomics_none_result_aborts_course_and_invalidates_table" time="0.018" /><testcase classname="tests.test_reliability_batch_b" name="test_run_radiomics_propagates_failed_course_before_cohort_aggregation" time="0.001" /><testcase classname="tests.test_reliability_batch_b" name="test_course_with_no_ct_is_explicit_noop_and_does_not_abort_cohort[False]" time="0.004" /><testcase classname="tests.test_reliability_batch_b" name="test_course_with_no_ct_is_explicit_noop_and_does_not_abort_cohort[True]" time="0.003" /><testcase classname="tests.test_reliability_batch_b" name="test_course_with_present_unreadable_ct_is_failure[False]" time="0.003" /><testcase classname="tests.test_reliability_batch_b" name="test_course_with_present_unreadable_ct_is_failure[True]" time="0.003" /><testcase classname="tests.test_reliability_batch_b" name="test_conda_delegation_failure_is_not_converted_to_nothing_to_do[False]" time="0.002" /><testcase classname="tests.test_reliability_batch_b" name="test_conda_delegation_failure_is_not_converted_to_nothing_to_do[True]" time="0.002" /><testcase classname="tests.test_reliability_batch_b" name="test_parallel_status_rows_are_not_written_as_feature_rows" time="0.003" /><testcase classname="tests.test_reliability_batch_b" name="test_parallel_radiomics_backfill_submit_guarded_source_guard" time="0.006" /><testcase classname="tests.test_resume_completeness" name="test_a_converted_course_is_skipped" time="0.002" /><testcase classname="tests.test_resume_completeness" name="test_an_unconverted_course_is_reprocessed" time="0.002" /><testcase classname="tests.test_resume_completeness" name="test_an_unconverted_course_is_reprocessed_even_with_metadata" time="0.003" /><testcase classname="tests.test_resume_completeness" name="test_an_empty_directory_is_not_hydrated" time="0.002" /><testcase classname="tests.test_resume_completeness" name="test_a_course_without_ct_is_unaffected" time="0.002" /><testcase classname="tests.test_resume_completeness" name="test_either_nifti_suffix_counts_as_converted[.nii]" time="0.002" /><testcase classname="tests.test_resume_completeness" name="test_either_nifti_suffix_counts_as_converted[.nii.gz]" time="0.003" /><testcase classname="tests.test_science_batch_c" name="test_world_to_pixel_uses_correct_row_col_cosine_mapping" time="0.001" /><testcase classname="tests.test_science_batch_c" name="test_plan_paths_for_doses_matches_only_the_referenced_plan" time="0.005" /><testcase classname="tests.test_science_batch_c" name="test_plan_paths_for_doses_returns_empty_when_no_plan_matches" time="0.005" /><testcase classname="tests.test_science_batch_c" name="test_empty_selected_plans_matched_via_dose_reference_does_not_sum_all_plans" time="0.032" /><testcase classname="tests.test_science_batch_c" name="test_empty_selected_plans_unmatched_falls_back_to_single_plan_not_all" time="0.027" /><testcase classname="tests.test_science_batch_c" name="test_resolved_multi_plan_case_computes_total_rx" time="0.022" /><testcase classname="tests.test_science_batch_c" name="test_earliest_dated_plan_path_skips_missing_date_plans" time="0.000" /><testcase classname="tests.test_science_batch_c" name="test_earliest_dated_plan_path_falls_back_when_no_plan_has_a_date" time="0.000" /><testcase classname="tests.test_science_batch_c" name="test_is_valid_rtstruct_rejects_garbage[rtpipeline.auto_rtstruct]" time="0.001" /><testcase classname="tests.test_science_batch_c" name="test_is_valid_rtstruct_rejects_garbage[rtpipeline.custom_structures_rtstruct]" time="0.001" /><testcase classname="tests.test_science_batch_c" name="test_is_valid_rtstruct_rejects_empty_roi_sequence[rtpipeline.auto_rtstruct]" time="0.002" /><testcase classname="tests.test_science_batch_c" name="test_is_valid_rtstruct_rejects_empty_roi_sequence[rtpipeline.custom_structures_rtstruct]" time="0.002" /><testcase classname="tests.test_science_batch_c" name="test_is_valid_rtstruct_accepts_real_rtstruct[rtpipeline.auto_rtstruct]" time="0.003" /><testcase classname="tests.test_science_batch_c" name="test_is_valid_rtstruct_accepts_real_rtstruct[rtpipeline.custom_structures_rtstruct]" time="0.002" /><testcase classname="tests.test_science_batch_c" name="test_write_rtstruct_atomic_leaves_no_partial_file[rtpipeline.auto_rtstruct]" time="0.001" /><testcase classname="tests.test_science_batch_c" name="test_write_rtstruct_atomic_leaves_no_partial_file[rtpipeline.custom_structures_rtstruct]" time="0.001" /><testcase classname="tests.test_science_batch_c" name="test_write_rtstruct_atomic_failure_leaves_no_partial_file[rtpipeline.auto_rtstruct]" time="0.001" /><testcase classname="tests.test_science_batch_c" name="test_write_rtstruct_atomic_failure_leaves_no_partial_file[rtpipeline.custom_structures_rtstruct]" time="0.001" /><testcase classname="tests.test_science_batch_c" name="test_write_rtstruct_atomic_temp_path_ends_in_dcm[rtpipeline.auto_rtstruct]" time="0.001" /><testcase classname="tests.test_science_batch_c" name="test_write_rtstruct_atomic_temp_path_ends_in_dcm[rtpipeline.custom_structures_rtstruct]" time="0.001" /><testcase classname="tests.test_science_batch_c" name="test_write_rtstruct_atomic_drives_real_rt_utils_save_end_to_end[rtpipeline.auto_rtstruct]" time="0.016" /><testcase classname="tests.test_science_batch_c" name="test_write_rtstruct_atomic_drives_real_rt_utils_save_end_to_end[rtpipeline.custom_structures_rtstruct]" time="0.013" /><testcase classname="tests.test_science_batch_c" name="test_build_auto_rtstruct_resume_rejects_truncated_file" time="0.002" /><testcase classname="tests.test_science_batch_c" name="test_build_auto_rtstruct_resume_accepts_valid_file_without_regenerating" time="0.003" /><testcase classname="tests.test_science_batch_c" name="test_is_rs_custom_stale_rejects_truncated_file" time="0.001" /><testcase classname="tests.test_science_batch_c" name="test_is_rs_custom_stale_accepts_valid_up_to_date_file" time="0.003" /><testcase classname="tests.test_science_batch_c" name="test_sanitize_rtstruct_leaves_prior_file_intact_on_simulated_crash" time="0.004" /><testcase classname="tests.test_science_batch_c" name="test_sanitize_rtstruct_leaves_no_temp_file_on_success" time="0.004" /><testcase classname="tests.test_science_batch_c" name="test_fix_rtstruct_rois_leaves_prior_file_intact_on_simulated_crash" time="0.027" /><testcase classname="tests.test_science_batch_c" name="test_fix_rtstruct_rois_leaves_no_temp_file_on_success" time="0.026" /><testcase classname="tests.test_scoped_discovery" name="test_none_is_full_walk" time="0.002" /><testcase classname="tests.test_scoped_discovery" name="test_empty_scopes_to_nothing" time="0.002" /><testcase classname="tests.test_scoped_discovery" name="test_flat_scope_subset_of_root" time="0.002" /><testcase classname="tests.test_scoped_discovery" name="test_nested_center_resolution" time="0.002" /><testcase classname="tests.test_scoped_discovery" name="test_cross_center_collision_walks_all" time="0.003" /><testcase classname="tests.test_scoped_discovery" name="test_flat_and_nested_duplicate_walks_both" time="0.003" /><testcase classname="tests.test_scoped_discovery" name="test_missing_id_falls_back_to_full_walk_and_warns" time="0.003" /><testcase classname="tests.test_scoped_discovery" name="test_unsafe_ids_rejected" time="0.002" /><testcase classname="tests.test_scoped_discovery" name="test_symlink_escape_is_contained" time="0.003" /><testcase classname="tests.test_scoped_discovery" name="test_scoped_patient_dirs_matches_resolver" time="0.002" /><testcase classname="tests.test_scoped_discovery" name="test_hidden_scratch_dir_not_matched_as_second_location" time="0.002" /><testcase classname="tests.test_scoped_discovery" name="test_discovered_superset_of_processed" time="0.003" /><testcase classname="tests.test_segment_all_series" name="test_segment_all_series_dispatch_status_and_idempotency" time="0.042" /><testcase classname="tests.test_segment_all_series" name="test_run_totalsegmentator_extra_args_shell_free_and_shell" time="0.002" /><testcase classname="tests.test_segment_all_series" name="test_totalseg_probe_includes_dicom_rtstruct_and_command_uses_output_type" time="0.002" /><testcase classname="tests.test_segment_all_series" name="test_segment_all_series_rtstruct_failure_keeps_successful_nifti_segmented" time="0.006" /><testcase classname="tests.test_segment_all_series" name="test_segment_all_series_nifti_failure_isolates_row" time="0.006" /><testcase classname="tests.test_segment_all_series" name="test_segment_all_series_malformed_ts_task_fails_closed" time="0.004" /><testcase classname="tests.test_segment_all_series" name="test_segment_all_series_force_uses_sibling_outputs_and_depth_zero" time="0.006" /><testcase classname="tests.test_segment_all_series" name="test_copy_instances_drops_mixed_localizer_but_keeps_minimum_volume" time="0.006" /><testcase classname="tests.test_segment_all_series" name="test_cli_do_segment_all_series_false_never_calls_all_series_segmentation" time="0.004" /><testcase classname="tests.test_segmentation_completeness" name="test_complete_course_is_ready" time="0.002" /><testcase classname="tests.test_segmentation_completeness" name="test_truncated_course_no_manifest_is_not_ready" time="0.001" /><testcase classname="tests.test_segmentation_completeness" name="test_corrupt_manifest_is_not_ready" time="0.001" /><testcase classname="tests.test_segmentation_completeness" name="test_manifest_records_mask_absent_from_disk_is_not_ready" time="0.002" /><testcase classname="tests.test_segmentation_completeness" name="test_manifest_missing_this_model_entry_is_not_ready" time="0.002" /><testcase classname="tests.test_segmentation_completeness" name="test_no_masks_at_all_is_not_ready_even_with_manifest" time="0.001" /><testcase classname="tests.test_segmentation_completeness" name="test_manifest_empty_masks_with_stale_disk_mask_is_not_ready" time="0.001" /><testcase classname="tests.test_segmentation_completeness" name="test_write_manifest_atomic_leaves_no_partial_file" time="0.001" /><testcase classname="tests.test_segmentation_completeness" name="test_write_manifest_atomic_uses_unique_pid_temp" time="0.003" /><testcase classname="tests.test_segmentation_completeness" name="test_write_manifest_atomic_removes_temp_on_failure" time="0.002" /><testcase classname="tests.test_symlinked_cohort_discovery" name="test_plain_os_walk_would_have_missed_everything" time="0.003" /><testcase classname="tests.test_symlinked_cohort_discovery" name="test_scoped_walk_discovers_a_symlinked_cohort" time="0.003" /><testcase classname="tests.test_symlinked_cohort_discovery" name="test_scoped_walk_matches_the_real_directory_tree" time="0.003" /><testcase classname="tests.test_symlinked_cohort_discovery" name="test_list_files_discovers_a_symlinked_cohort" time="0.003" /><testcase classname="tests.test_symlinked_cohort_discovery" name="test_a_symlink_cycle_terminates" time="0.002" /><testcase classname="tests.test_symlinked_cohort_discovery" name="test_each_real_directory_is_visited_once" time="0.002" /><testcase classname="tests.test_symlinked_cohort_discovery" name="test_scoped_walk_still_scopes_to_requested_patients" time="0.003" /><testcase classname="tests.test_symlinked_cohort_discovery" name="test_empty_scope_walks_nothing" time="0.003" /><testcase classname="tests.test_symlinked_cohort_discovery" name="test_traversal_via_a_path_component_is_still_rejected" time="0.002" /><testcase classname="tests.test_symlinked_cohort_discovery" name="test_a_curated_symlink_inside_root_is_accepted" time="0.002" /><testcase classname="tests.test_symlinked_cohort_discovery" name="test_a_curated_centre_symlink_is_also_accepted" time="0.002" /><testcase classname="tests.test_symlinked_cohort_discovery" name="test_default_refuses_to_leave_the_dicom_root" time="0.002" /><testcase classname="tests.test_symlinked_cohort_discovery" name="test_default_walk_does_not_descend_a_symlinked_cohort" time="0.003" /><testcase classname="tests.test_ts_version_sidecar" name="test_version_helper_returns_string" time="0.000" /><testcase classname="tests.test_ts_version_sidecar" name="test_materialize_masks_writes_version_sidecar" time="0.002" /><testcase classname="tests.test_ts_version_sidecar" name="test_sidecar_writer_is_fail_soft_on_bad_dest" time="0.001" /><testcase classname="tests.test_ts_version_sidecar" name="test_distinct_models_get_distinct_sidecars" time="0.002" /><testcase classname="tests.test_worker_failure_propagation" name="test_all_series_worker_reports_failure_when_a_series_failed" time="0.001" /><testcase classname="tests.test_worker_failure_propagation" name="test_all_series_worker_reports_success_when_every_series_succeeded" time="0.001" /><testcase classname="tests.test_worker_failure_propagation" name="test_idempotent_skip_is_not_a_failure" time="0.001" /><testcase classname="tests.test_worker_failure_propagation" name="test_absent_manifest_returns_empty_summary_without_failing" time="0.001" /><testcase classname="tests.test_worker_failure_propagation" name="test_pet_worker_reports_failure_when_ingestion_failed" time="0.001" /><testcase classname="tests.test_worker_failure_propagation" name="test_pet_eligibility_exclusion_is_not_a_failure" time="0.001" /><testcase classname="tests.test_worker_failure_propagation" name="test_unreadable_segmentation_manifest_is_reported_as_failure" time="0.002" /><testcase classname="tests.test_worker_failure_propagation" name="test_segmentation_manifest_without_series_list_is_reported_as_failure" time="0.002" /><testcase classname="tests.test_worker_failure_propagation" name="test_missing_segmentation_manifest_is_not_a_failure" time="0.001" /><testcase classname="tests.test_worker_failure_propagation" name="test_config_validation_error_is_narrower_than_value_error" time="0.000" /><testcase classname="tests.test_worker_failure_propagation" name="test_invalid_numeric_config_values_name_the_offending_key[not-a-number-float-pet.suv_decay_guard_tol]" time="0.000" /><testcase classname="tests.test_worker_failure_propagation" name="test_invalid_numeric_config_values_name_the_offending_key[12.5.3-float-pet.suv_zextent_primary_fraction]" time="0.000" /><testcase classname="tests.test_worker_failure_propagation" name="test_invalid_numeric_config_values_name_the_offending_key[many-int-pet.pet_clinical_weight_window_days]" time="0.000" /><testcase classname="tests.test_worker_failure_propagation" name="test_invalid_numeric_config_values_name_the_offending_key[None-int-organize.inventory_scan_run_id]" time="0.000" /><testcase classname="tests.test_worker_failure_propagation" name="test_invalid_numeric_config_values_name_the_offending_key[True-int-organize.inventory_scan_run_id]" time="0.000" /><testcase classname="tests.test_worker_failure_propagation" name="test_invalid_numeric_config_values_name_the_offending_key[False-float-pet.suv_decay_guard_tol]" time="0.001" /><testcase classname="tests.test_worker_failure_propagation" name="test_invalid_numeric_config_values_name_the_offending_key[value6-int-organize.inventory_scan_run_id]" time="0.000" /><testcase classname="tests.test_worker_failure_propagation" name="test_invalid_numeric_config_values_name_the_offending_key[-float-pet.suv_zextent_primary_fraction]" time="0.000" /><testcase classname="tests.test_worker_failure_propagation" name="test_invalid_numeric_config_values_name_the_offending_key[3.7-int-pet.pet_clinical_weight_window_days]" time="0.000" /><testcase classname="tests.test_worker_failure_propagation" name="test_valid_numeric_config_values_convert_normally" time="0.000" /><testcase classname="tests.test_worker_failure_propagation" name="test_console_main_reports_config_errors_instead_of_a_traceback" time="0.001" /><testcase classname="tests.test_worker_failure_propagation" name="test_console_main_passes_through_a_normal_exit_code" time="0.000" /><testcase classname="tests.test_workflow_fail_closed" name="test_required_course_stage_failure_returns_nonzero_without_sentinel" time="0.012" /><testcase classname="tests.test_workflow_fail_closed" name="test_required_course_stage_rejects_failed_upstream_without_sentinel" time="0.004" /><testcase classname="tests.test_workflow_fail_closed" name="test_snakefile_required_shell_stages_do_not_write_failure_sentinels" time="0.000" /><testcase classname="tests.test_workflow_fail_closed" name="test_required_aggregation_rejects_incomplete_course_before_publication[missing_sentinel]" time="0.024" /><testcase classname="tests.test_workflow_fail_closed" name="test_required_aggregation_rejects_incomplete_course_before_publication[failed_sentinel]" time="0.021" /><testcase classname="tests.test_workflow_fail_closed" name="test_required_aggregation_rejects_incomplete_course_before_publication[malformed_sentinel]" time="0.021" /><testcase classname="tests.test_workflow_fail_closed" name="test_required_aggregation_rejects_incomplete_course_before_publication[missing_workbook]" time="0.018" /><testcase classname="tests.test_workflow_fail_closed" name="test_required_aggregation_rejects_incomplete_course_before_publication[malformed_workbook]" time="0.020" /><testcase classname="tests.test_workflow_fail_closed" name="test_required_aggregation_rejects_incomplete_course_before_publication[unreadable_workbook]" time="0.014" /><testcase classname="tests.test_workflow_fail_closed" name="test_enabled_radiomics_output_is_required_but_mr_remains_optional" time="0.067" /><testcase classname="tests.test_workflow_fail_closed" name="test_enabled_radiomics_missing_required_ct_output_blocks_publication" time="0.033" /></testsuite></testsuites>